[INFO] [1766562260.893823439] [identify_product]: Product info file not found or empty, reading from device
[INFO] [1766562260.994842440] [identify_product]: No error
[INFO] [1766562260.995631311] [init]: ProductInfo: product_type: play, sn: PZ27C02404000144, is_sim: 0, interfaces: [slcan0, ], arm_types: [play, ], eef_types: [none, ]
[INFO] [1766562261.252422870] [PZ27C02404000144.fsm]: product_type: play
[INFO] [1766562261.258840347] [PZ27C02404000144.fsm]: ros2 launch process created
[WARN] [1766562262.462936662] [PZ27C02404000144.fsm]: Arm controller not ready: forward_position_controller gpio_controller gravity_compensation_controller id_controller joint_state_broadcaster joint_trajectory_position_controller robot_tracking_controller 
[INFO] [1766562262.824909867] [PZ27C02404000144.fsm]: All arm controllers are ready
[INFO] [1766562262.870633345] [PZ27C02404000144.fsm]: Transition configure for sdk_server succeeded
[INFO] [1766562262.872873072] [PZ27C02404000144.fsm]: Transition activate for sdk_server succeeded
[INFO] [1766562262.889414857] [PZ27C02404000144.fsm]: Configured controller gpio_controller
[INFO] [1766562262.894888903] [PZ27C02404000144.fsm]: Activated controller gpio_controller
[INFO] [1766562262.896292241] [PZ27C02404000144.fsm]: on change_led_color to 15
[INFO] [1766562263.896571053] [PZ27C02404000144.fsm]: on change_led_color to 19
[INFO] [1766562264.897348881] [PZ27C02404000144.fsm]: Waiting for coefficients ...
[INFO] [1766562265.001015666] [PZ27C02404000144.fsm]: Gravity compensation coefficients: 0.6 0.6 0.6 1.07698 1.11704 1.5 
[INFO] [1766562265.016731646] [PZ27C02404000144.fsm]: hardware '_led' state set to active
[INFO] [1766562265.016838129] [PZ27C02404000144.fsm]: hardware '_button' state set to active
[INFO] [1766562265.160969512] [PZ27C02404000144.fsm]: hardware 'joint6' state set to active
[INFO] [1766562265.304534481] [PZ27C02404000144.fsm]: hardware 'joint5' state set to active
[INFO] [1766562265.551421965] [PZ27C02404000144.fsm]: hardware 'joint3' state set to active
[INFO] [1766562265.798957443] [PZ27C02404000144.fsm]: hardware 'joint2' state set to active
[INFO] [1766562265.943045165] [PZ27C02404000144.fsm]: hardware 'joint4' state set to active
[INFO] [1766562266.190855174] [PZ27C02404000144.fsm]: hardware 'joint1' state set to active
[INFO] [1766562266.195167486] [PZ27C02404000144.fsm]: Configured controller forward_position_controller
[INFO] [1766562266.199126551] [PZ27C02404000144.fsm]: Configured controller gravity_compensation_controller
[INFO] [1766562266.211294924] [PZ27C02404000144.fsm]: Configured controller id_controller
[INFO] [1766562266.219124295] [PZ27C02404000144.fsm]: Configured controller joint_state_broadcaster
[INFO] [1766562266.227092418] [PZ27C02404000144.fsm]: Configured controller joint_trajectory_position_controller
[INFO] [1766562266.239113948] [PZ27C02404000144.fsm]: Configured controller robot_tracking_controller
[INFO] [1766562266.247110705] [PZ27C02404000144.fsm]: Activated controller gpio_controller
[INFO] [1766562266.247153577] [PZ27C02404000144.fsm]: Activated controller id_controller
[INFO] [1766562266.247162528] [PZ27C02404000144.fsm]: Activated controller joint_state_broadcaster
[INFO] [1766562266.247167372] [PZ27C02404000144.fsm]: Activated controller joint_trajectory_position_controller
[INFO] [1766562266.247178620] [PZ27C02404000144.fsm]: on change_led_color to 20
[ERROR] [1766562302.198760090] [PZ27C02404000144.fsm]: Received error message from /AirbotPlay/motor/od_motor_slcan0_1: diagnostic update: motor error code detected
[ERROR] [1766562302.200845572] [PZ27C02404000144.fsm]: Activate controllers failed
[ERROR] [1766562302.201024559] [PZ27C02404000144.fsm]: Received error message from /AirbotPlay/motor/od_motor_slcan0_2: diagnostic update: motor error code detected
