[WARN] [1766562262.278612181] [PZ27C02404000144.controller_manager]: Could not enable FIFO RT scheduling policy: with error number <1>(Operation not permitted). See [https://control.ros.org/master/doc/ros2_control/controller_manager/doc/userdoc.html] for details on how to enable realtime scheduling.
[WARN] [1766562262.358496438] [PZ27C02404000144.controller_manager.resource_manager]: Importing state interfaces for the hardware '_led' returned no state interfaces.
[WARN] [1766562266.206884989] [kdl_parser]: The root link base_link has an inertia specified in the URDF, but KDL does not support a root link with an inertia.  As a workaround, you can add an extra dummy link to your URDF.
[WARN] [1766562266.219254869] [PZ27C02404000144.joint_trajectory_position_controller]: [deprecated] 'open_loop_control' parameter is deprecated. Instead, set the feedback gains to zero and use 'interpolate_from_desired_state' parameter
[WARN] [1766562266.235722233] [kdl_parser]: The root link base_link has an inertia specified in the URDF, but KDL does not support a root link with an inertia.  As a workaround, you can add an extra dummy link to your URDF.
[WARN] [1766562266.239855287] [PZ27C02404000144.controller_manager]: Controller with name 'gpio_controller' is not inactive so its following controllers do not have to be checked, because it cannot be activated.
[WARN] [1766562266.239875334] [PZ27C02404000144.controller_manager]: Could not activate controller with name 'gpio_controller'. Check above warnings for more details. Check the state of the controllers and their required interfaces using `ros2 control list_controllers -v` CLI to get more information.
[WARN] [1766562266.239908122] [PZ27C02404000144.controller_manager]: Controller with name 'forward_position_controller' can not be deactivated since it is not active.
[WARN] [1766562266.239913708] [PZ27C02404000144.controller_manager]: Could not deactivate controller with name 'forward_position_controller'. Check above warnings for more details. Check the state of the controllers and their required interfaces using `ros2 control list_controllers -v` CLI to get more information.
[WARN] [1766562266.239919811] [PZ27C02404000144.controller_manager]: Controller with name 'gravity_compensation_controller' can not be deactivated since it is not active.
[WARN] [1766562266.239924817] [PZ27C02404000144.controller_manager]: Could not deactivate controller with name 'gravity_compensation_controller'. Check above warnings for more details. Check the state of the controllers and their required interfaces using `ros2 control list_controllers -v` CLI to get more information.
[WARN] [1766562266.239930792] [PZ27C02404000144.controller_manager]: Controller with name 'robot_tracking_controller' can not be deactivated since it is not active.
[WARN] [1766562266.239935918] [PZ27C02404000144.controller_manager]: Could not deactivate controller with name 'robot_tracking_controller'. Check above warnings for more details. Check the state of the controllers and their required interfaces using `ros2 control list_controllers -v` CLI to get more information.
[ERROR] [1766562300.902917971] [PZ27C02404000144.controller_manager.resource_manager.hardware_component.actuator.joint1]: error occurs: [5] mos temperature too high
[ERROR] [1766562300.903080524] [PZ27C02404000144.controller_manager.resource_manager.hardware_component.actuator.joint1]: Failed to parse and update frame
[ERROR] [1766562300.903135763] [PZ27C02404000144.controller_manager.resource_manager.hardware_component.actuator.joint1]: motor joint1 is over temperature, current temperature is 231.000000
[ERROR] [1766562300.903296872] [PZ27C02404000144.controller_manager]: Deactivating following hardware components as their read cycle resulted in an error: [ joint1 ]
[ERROR] [1766562300.903336809] [PZ27C02404000144.controller_manager]: Deactivating following controllers as their hardware components read cycle resulted in an error: [ joint_state_broadcaster id_controller joint_trajectory_position_controller ]
[ERROR] [1766562301.210805316] [PZ27C02404000144.controller_manager.resource_manager.hardware_component.actuator.joint2]: Failed to parse and update frame
[ERROR] [1766562301.210925659] [PZ27C02404000144.controller_manager.resource_manager.hardware_component.actuator.joint2]: motor joint2 is over temperature, current temperature is 231.000000
[ERROR] [1766562301.210993962] [PZ27C02404000144.controller_manager]: Deactivating following hardware components as their read cycle resulted in an error: [ joint2 ]
[ERROR] [1766562301.211010105] [PZ27C02404000144.controller_manager]: Deactivating following controllers as their hardware components read cycle resulted in an error: [ joint_state_broadcaster id_controller joint_trajectory_position_controller ]
[ERROR] [1766562301.366809687] [PZ27C02404000144.controller_manager.resource_manager.hardware_component.actuator.joint3]: Failed to parse and update frame
[ERROR] [1766562301.366887456] [PZ27C02404000144.controller_manager.resource_manager.hardware_component.actuator.joint3]: motor joint3 is over temperature, current temperature is 231.000000
[ERROR] [1766562301.366925871] [PZ27C02404000144.controller_manager]: Deactivating following hardware components as their read cycle resulted in an error: [ joint3 ]
[ERROR] [1766562301.366936449] [PZ27C02404000144.controller_manager]: Deactivating following controllers as their hardware components read cycle resulted in an error: [ joint_state_broadcaster id_controller joint_trajectory_position_controller ]
[WARN] [1766562302.200309271] [PZ27C02404000144.controller_manager]: Controller with name 'gpio_controller' is not inactive so its following controllers do not have to be checked, because it cannot be activated.
[WARN] [1766562302.200353718] [PZ27C02404000144.controller_manager]: Could not activate controller with name 'gpio_controller'. Check above warnings for more details. Check the state of the controllers and their required interfaces using `ros2 control list_controllers -v` CLI to get more information.
[WARN] [1766562302.200389043] [PZ27C02404000144.controller_manager]: Controller with name 'forward_position_controller' can not be deactivated since it is not active.
[WARN] [1766562302.200397145] [PZ27C02404000144.controller_manager]: Could not deactivate controller with name 'forward_position_controller'. Check above warnings for more details. Check the state of the controllers and their required interfaces using `ros2 control list_controllers -v` CLI to get more information.
[WARN] [1766562302.200404905] [PZ27C02404000144.controller_manager]: Controller with name 'gravity_compensation_controller' can not be deactivated since it is not active.
[WARN] [1766562302.200411165] [PZ27C02404000144.controller_manager]: Could not deactivate controller with name 'gravity_compensation_controller'. Check above warnings for more details. Check the state of the controllers and their required interfaces using `ros2 control list_controllers -v` CLI to get more information.
[WARN] [1766562302.200417715] [PZ27C02404000144.controller_manager]: Controller with name 'joint_trajectory_position_controller' can not be deactivated since it is not active.
[WARN] [1766562302.200424774] [PZ27C02404000144.controller_manager]: Could not deactivate controller with name 'joint_trajectory_position_controller'. Check above warnings for more details. Check the state of the controllers and their required interfaces using `ros2 control list_controllers -v` CLI to get more information.
[WARN] [1766562302.200431740] [PZ27C02404000144.controller_manager]: Controller with name 'robot_tracking_controller' can not be deactivated since it is not active.
[WARN] [1766562302.200437690] [PZ27C02404000144.controller_manager]: Could not deactivate controller with name 'robot_tracking_controller'. Check above warnings for more details. Check the state of the controllers and their required interfaces using `ros2 control list_controllers -v` CLI to get more information.
[ERROR] [1766562302.200520082] [PZ27C02404000144.controller_manager.resource_manager]: Not acceptable command interfaces combination: 
Start interfaces: 
[
  joint1/reference_effort
  joint2/reference_effort
  joint3/reference_effort
  joint4/reference_effort
  joint5/reference_effort
  joint6/reference_effort
]
Stop interfaces: 
[
]
Not available: 
[
 joint1/reference_effort
 joint2/reference_effort
 joint3/reference_effort
]

[ERROR] [1766562302.200575895] [PZ27C02404000144.controller_manager]: Could not switch controllers since prepare command mode switch was rejected.
[WARN] [1766577006.922912540] [PZ27C02404000144.controller_manager.resource_manager.hardware_component.actuator.joint4]: no response, jittering (11 / 125) ...
[ERROR] [1766577007.382807991] [PZ27C02404000144.controller_manager.resource_manager.hardware_component.actuator.joint4]: no response confirmed (126 / 125), enter error ...
[ERROR] [1766577007.387353847] [PZ27C02404000144.controller_manager.resource_manager.hardware_component.actuator.joint5]: no response confirmed (126 / 125), enter error ...
[ERROR] [1766577007.387435922] [PZ27C02404000144.controller_manager.resource_manager.hardware_component.actuator.joint6]: no response confirmed (126 / 125), enter error ...
[ERROR] [1766577007.387472389] [PZ27C02404000144.controller_manager]: Deactivating following hardware components as their read cycle resulted in an error: [ joint4 joint5 joint6 ]
[ERROR] [1766577007.387491559] [PZ27C02404000144.controller_manager]: Deactivating following controllers as their hardware components read cycle resulted in an error: [ joint_state_broadcaster id_controller joint_trajectory_position_controller joint_state_broadcaster id_controller joint_trajectory_position_controller joint_state_broadcaster id_controller joint_trajectory_position_controller ]
