[INFO] [1766560366.401989430] [identify_product]: Product info file not found or empty, reading from device
[INFO] [1766560366.503144903] [identify_product]: No error
[INFO] [1766560366.504056069] [init]: ProductInfo: product_type: play, sn: PZ27C02404000144, is_sim: 0, interfaces: [slcan0, ], arm_types: [play, ], eef_types: [none, ]
[INFO] [1766560366.761445357] [PZ27C02404000144.fsm]: product_type: play
[INFO] [1766560366.772048019] [PZ27C02404000144.fsm]: ros2 launch process created
[WARN] [1766560368.036491890] [PZ27C02404000144.fsm]: Arm controller not ready: forward_position_controller gpio_controller gravity_compensation_controller id_controller joint_state_broadcaster joint_trajectory_position_controller robot_tracking_controller 
[INFO] [1766560368.360143739] [PZ27C02404000144.fsm]: All arm controllers are ready
[INFO] [1766560368.388207544] [PZ27C02404000144.fsm]: Transition configure for sdk_server succeeded
[INFO] [1766560368.390670595] [PZ27C02404000144.fsm]: Transition activate for sdk_server succeeded
[INFO] [1766560368.406228473] [PZ27C02404000144.fsm]: Configured controller gpio_controller
[INFO] [1766560368.412577254] [PZ27C02404000144.fsm]: Activated controller gpio_controller
[INFO] [1766560368.414010171] [PZ27C02404000144.fsm]: on change_led_color to 15
[INFO] [1766560369.414302975] [PZ27C02404000144.fsm]: on change_led_color to 19
[INFO] [1766560370.414957910] [PZ27C02404000144.fsm]: Waiting for coefficients ...
[INFO] [1766560370.520034899] [PZ27C02404000144.fsm]: Gravity compensation coefficients: 0.6 0.6 0.6 1.07698 1.11704 1.5 
[INFO] [1766560370.536003151] [PZ27C02404000144.fsm]: hardware '_led' state set to active
[INFO] [1766560370.536075504] [PZ27C02404000144.fsm]: hardware '_button' state set to active
[INFO] [1766560370.679801670] [PZ27C02404000144.fsm]: hardware 'joint6' state set to active
[INFO] [1766560370.823428024] [PZ27C02404000144.fsm]: hardware 'joint5' state set to active
[INFO] [1766560371.070139231] [PZ27C02404000144.fsm]: hardware 'joint3' state set to active
[INFO] [1766560371.317746951] [PZ27C02404000144.fsm]: hardware 'joint2' state set to active
[INFO] [1766560371.461357802] [PZ27C02404000144.fsm]: hardware 'joint4' state set to active
[INFO] [1766560371.708832764] [PZ27C02404000144.fsm]: hardware 'joint1' state set to active
[INFO] [1766560371.712764049] [PZ27C02404000144.fsm]: Configured controller forward_position_controller
[INFO] [1766560371.716775346] [PZ27C02404000144.fsm]: Configured controller gravity_compensation_controller
[INFO] [1766560371.728632093] [PZ27C02404000144.fsm]: Configured controller id_controller
[INFO] [1766560371.736558534] [PZ27C02404000144.fsm]: Configured controller joint_state_broadcaster
[INFO] [1766560371.744740172] [PZ27C02404000144.fsm]: Configured controller joint_trajectory_position_controller
[INFO] [1766560371.760453077] [PZ27C02404000144.fsm]: Configured controller robot_tracking_controller
[INFO] [1766560371.768548057] [PZ27C02404000144.fsm]: Activated controller gpio_controller
[INFO] [1766560371.768576951] [PZ27C02404000144.fsm]: Activated controller id_controller
[INFO] [1766560371.768583824] [PZ27C02404000144.fsm]: Activated controller joint_state_broadcaster
[INFO] [1766560371.768589236] [PZ27C02404000144.fsm]: Activated controller joint_trajectory_position_controller
[INFO] [1766560371.768600372] [PZ27C02404000144.fsm]: on change_led_color to 20
[ERROR] [1766560400.761304419] [PZ27C02404000144.fsm]: Received error message from /AirbotPlay/motor/od_motor_slcan0_1: diagnostic update: motor error code detected
[ERROR] [1766560400.763265923] [PZ27C02404000144.fsm]: Activate controllers failed
[ERROR] [1766560400.763473913] [PZ27C02404000144.fsm]: Received error message from /AirbotPlay/motor/od_motor_slcan0_2: diagnostic update: motor error code detected
