2025-12-24 10:18:30.844701[INFO][DMMotor#7] zlog version: 0.1.4.dev11+g996d249
2025-12-24 10:18:30.844782[INFO][DMMotor#7] zlog_cpp version: 0.1.4.dev11+g996d249
2025-12-24 10:18:30.844796[INFO][DMMotor#7] AIRBOT Drivers: v0.1.4.dev11+g996d249
2025-12-24 10:18:33.888290[ERROR][DMMotor#7] Motor 7 init failed, expected 43 params, got 0
2025-12-24 10:19:30.669841[INFO][DMMotor#7] zlog version: 0.1.4.dev11+g996d249
2025-12-24 10:19:30.669934[INFO][DMMotor#7] zlog_cpp version: 0.1.4.dev11+g996d249
2025-12-24 10:19:30.669959[INFO][DMMotor#7] AIRBOT Drivers: v0.1.4.dev11+g996d249
2025-12-24 10:19:33.714067[ERROR][DMMotor#7] Motor 7 init failed, expected 43 params, got 0
2025-12-24 10:29:00.521621[INFO][DMMotor#7] zlog version: 0.1.4.dev11+g996d249
2025-12-24 10:29:00.521722[INFO][DMMotor#7] zlog_cpp version: 0.1.4.dev11+g996d249
2025-12-24 10:29:00.521744[INFO][DMMotor#7] AIRBOT Drivers: v0.1.4.dev11+g996d249
2025-12-24 10:29:03.537480[ERROR][DMMotor#7] Motor 7 init failed, expected 43 params, got 0
2025-12-24 10:30:31.416867[INFO][DMMotor#7] zlog version: 0.1.4.dev11+g996d249
2025-12-24 10:30:31.416898[INFO][DMMotor#7] zlog_cpp version: 0.1.4.dev11+g996d249
2025-12-24 10:30:31.416919[INFO][DMMotor#7] AIRBOT Drivers: v0.1.4.dev11+g996d249
2025-12-24 10:30:34.452622[ERROR][DMMotor#7] Motor 7 init failed, expected 43 params, got 0
2025-12-24 10:35:07.466711[INFO][DMMotor#7] zlog version: 0.1.4.dev11+g996d249
2025-12-24 10:35:07.466744[INFO][DMMotor#7] zlog_cpp version: 0.1.4.dev11+g996d249
2025-12-24 10:35:07.466766[INFO][DMMotor#7] AIRBOT Drivers: v0.1.4.dev11+g996d249
2025-12-24 10:35:10.504653[ERROR][DMMotor#7] Motor 7 init failed, expected 43 params, got 0
2025-12-24 10:36:41.198014[INFO][DMMotor#7] zlog version: 0.1.4.dev11+g996d249
2025-12-24 10:36:41.198100[INFO][DMMotor#7] zlog_cpp version: 0.1.4.dev11+g996d249
2025-12-24 10:36:41.198126[INFO][DMMotor#7] AIRBOT Drivers: v0.1.4.dev11+g996d249
2025-12-24 10:36:44.245250[ERROR][DMMotor#7] Motor 7 init failed, expected 43 params, got 0
2025-12-24 10:38:50.627881[INFO][DMMotor#7] zlog version: 0.1.4.dev11+g996d249
2025-12-24 10:38:50.627948[INFO][DMMotor#7] zlog_cpp version: 0.1.4.dev11+g996d249
2025-12-24 10:38:50.627964[INFO][DMMotor#7] AIRBOT Drivers: v0.1.4.dev11+g996d249
2025-12-24 10:38:53.664064[ERROR][DMMotor#7] Motor 7 init failed, expected 43 params, got 0
2025-12-24 10:39:06.856379[INFO][DMMotor#7] zlog version: 0.1.4.dev11+g996d249
2025-12-24 10:39:06.856456[INFO][DMMotor#7] zlog_cpp version: 0.1.4.dev11+g996d249
2025-12-24 10:39:06.856479[INFO][DMMotor#7] AIRBOT Drivers: v0.1.4.dev11+g996d249
2025-12-24 10:39:09.890206[ERROR][DMMotor#7] Motor 7 init failed, expected 43 params, got 0
2025-12-24 10:41:51.586269[INFO][DMMotor#7] zlog version: 0.1.4.dev11+g996d249
2025-12-24 10:41:51.586278[INFO][DMMotor#7] zlog_cpp version: 0.1.4.dev11+g996d249
2025-12-24 10:41:51.586285[INFO][DMMotor#7] AIRBOT Drivers: v0.1.4.dev11+g996d249
2025-12-24 10:41:51.586479[ERROR][DMMotor#7] Connecting to motor 7 via can0 failed.
2025-12-24 10:42:24.590647[INFO][DMMotor#7] zlog version: 0.1.4.dev11+g996d249
2025-12-24 10:42:24.590673[INFO][DMMotor#7] zlog_cpp version: 0.1.4.dev11+g996d249
2025-12-24 10:42:24.590693[INFO][DMMotor#7] AIRBOT Drivers: v0.1.4.dev11+g996d249
2025-12-24 10:42:27.623850[ERROR][DMMotor#7] Motor 7 init failed, expected 43 params, got 0
2025-12-24 10:57:24.685268[INFO][DMMotor#7] zlog version: 0.1.4.dev11+g996d249
2025-12-24 10:57:24.685297[INFO][DMMotor#7] zlog_cpp version: 0.1.4.dev11+g996d249
2025-12-24 10:57:24.685313[INFO][DMMotor#7] AIRBOT Drivers: v0.1.4.dev11+g996d249
2025-12-24 10:57:27.719315[ERROR][DMMotor#7] Motor 7 init failed, expected 43 params, got 0
2025-12-24 11:01:24.505660[INFO][DMMotor#7] zlog version: 0.1.4.dev11+g996d249
2025-12-24 11:01:24.505730[INFO][DMMotor#7] zlog_cpp version: 0.1.4.dev11+g996d249
2025-12-24 11:01:24.505756[INFO][DMMotor#7] AIRBOT Drivers: v0.1.4.dev11+g996d249
2025-12-24 11:01:27.549881[ERROR][DMMotor#7] Motor 7 init failed, expected 43 params, got 0
2025-12-24 11:12:07.083331[INFO][DMMotor#7] zlog version: 0.1.4.dev11+g996d249
2025-12-24 11:12:07.083361[INFO][DMMotor#7] zlog_cpp version: 0.1.4.dev11+g996d249
2025-12-24 11:12:07.083373[INFO][DMMotor#7] AIRBOT Drivers: v0.1.4.dev11+g996d249
2025-12-24 11:12:10.109931[ERROR][DMMotor#7] Motor 7 init failed, expected 43 params, got 0
2025-12-24 11:17:00.016162[INFO][DMMotor#7] zlog version: 0.1.4.dev11+g996d249
2025-12-24 11:17:00.016223[INFO][DMMotor#7] zlog_cpp version: 0.1.4.dev11+g996d249
2025-12-24 11:17:00.016260[INFO][DMMotor#7] AIRBOT Drivers: v0.1.4.dev11+g996d249
2025-12-24 11:17:03.056049[ERROR][DMMotor#7] Motor 7 init failed, expected 43 params, got 0
2025-12-24 11:32:04.980283[INFO][DMMotor#7] zlog version: 0.1.4.dev11+g996d249
2025-12-24 11:32:04.980311[INFO][DMMotor#7] zlog_cpp version: 0.1.4.dev11+g996d249
2025-12-24 11:32:04.980316[INFO][DMMotor#7] AIRBOT Drivers: v0.1.4.dev11+g996d249
2025-12-24 11:32:04.980969[ERROR][DMMotor#7] Connecting to motor 7 via can0 failed.
2025-12-24 11:32:59.644051[INFO][DMMotor#7] zlog version: 0.1.4.dev11+g996d249
2025-12-24 11:32:59.644119[INFO][DMMotor#7] zlog_cpp version: 0.1.4.dev11+g996d249
2025-12-24 11:32:59.644135[INFO][DMMotor#7] AIRBOT Drivers: v0.1.4.dev11+g996d249
2025-12-24 11:33:02.683342[ERROR][DMMotor#7] Motor 7 init failed, expected 43 params, got 0
2025-12-24 11:35:20.182361[INFO][DMMotor#7] zlog version: 0.1.4.dev11+g996d249
2025-12-24 11:35:20.182396[INFO][DMMotor#7] zlog_cpp version: 0.1.4.dev11+g996d249
2025-12-24 11:35:20.182418[INFO][DMMotor#7] AIRBOT Drivers: v0.1.4.dev11+g996d249
2025-12-24 11:35:23.218279[ERROR][DMMotor#7] Motor 7 init failed, expected 43 params, got 0
2025-12-24 11:36:03.426504[INFO][DMMotor#7] zlog version: 0.1.4.dev11+g996d249
2025-12-24 11:36:03.426583[INFO][DMMotor#7] zlog_cpp version: 0.1.4.dev11+g996d249
2025-12-24 11:36:03.426601[INFO][DMMotor#7] AIRBOT Drivers: v0.1.4.dev11+g996d249
2025-12-24 11:36:06.464854[ERROR][DMMotor#7] Motor 7 init failed, expected 43 params, got 0
2025-12-24 11:37:34.184521[INFO][DMMotor#7] zlog version: 0.1.4.dev11+g996d249
2025-12-24 11:37:34.184535[INFO][DMMotor#7] zlog_cpp version: 0.1.4.dev11+g996d249
2025-12-24 11:37:34.184544[INFO][DMMotor#7] AIRBOT Drivers: v0.1.4.dev11+g996d249
2025-12-24 11:37:37.185478[ERROR][DMMotor#7] Motor 7 init failed, expected 43 params, got 0
2025-12-24 11:44:41.251754[INFO][DMMotor#7] zlog version: 0.1.4.dev11+g996d249
2025-12-24 11:44:41.251763[INFO][DMMotor#7] zlog_cpp version: 0.1.4.dev11+g996d249
2025-12-24 11:44:41.251768[INFO][DMMotor#7] AIRBOT Drivers: v0.1.4.dev11+g996d249
2025-12-24 11:44:44.274584[ERROR][DMMotor#7] Motor 7 init failed, expected 43 params, got 0
2025-12-24 11:44:47.388095[INFO][DMMotor#7] zlog version: 0.1.4.dev11+g996d249
2025-12-24 11:44:47.388243[INFO][DMMotor#7] zlog_cpp version: 0.1.4.dev11+g996d249
2025-12-24 11:44:47.388317[INFO][DMMotor#7] AIRBOT Drivers: v0.1.4.dev11+g996d249
2025-12-24 11:44:50.419142[ERROR][DMMotor#7] Motor 7 init failed, expected 43 params, got 0
2025-12-24 11:47:06.899314[INFO][DMMotor#7] zlog version: 0.1.4.dev11+g996d249
2025-12-24 11:47:06.899340[INFO][DMMotor#7] zlog_cpp version: 0.1.4.dev11+g996d249
2025-12-24 11:47:06.899357[INFO][DMMotor#7] AIRBOT Drivers: v0.1.4.dev11+g996d249
2025-12-24 11:47:09.906678[ERROR][DMMotor#7] Motor 7 init failed, expected 43 params, got 0
2025-12-24 11:48:57.234853[INFO][DMMotor#7] zlog version: 0.1.4.dev11+g996d249
2025-12-24 11:48:57.234926[INFO][DMMotor#7] zlog_cpp version: 0.1.4.dev11+g996d249
2025-12-24 11:48:57.234958[INFO][DMMotor#7] AIRBOT Drivers: v0.1.4.dev11+g996d249
2025-12-24 11:49:00.238021[ERROR][DMMotor#7] Motor 7 init failed, expected 43 params, got 0
2025-12-24 11:51:04.764283[INFO][DMMotor#7] zlog version: 0.1.4.dev11+g996d249
2025-12-24 11:51:04.764313[INFO][DMMotor#7] zlog_cpp version: 0.1.4.dev11+g996d249
2025-12-24 11:51:04.764331[INFO][DMMotor#7] AIRBOT Drivers: v0.1.4.dev11+g996d249
2025-12-24 11:51:07.810762[ERROR][DMMotor#7] Motor 7 init failed, expected 43 params, got 0
2025-12-24 11:51:46.715224[INFO][DMMotor#7] zlog version: 0.1.4.dev11+g996d249
2025-12-24 11:51:46.715243[INFO][DMMotor#7] zlog_cpp version: 0.1.4.dev11+g996d249
2025-12-24 11:51:46.715256[INFO][DMMotor#7] AIRBOT Drivers: v0.1.4.dev11+g996d249
2025-12-24 11:51:49.720363[ERROR][DMMotor#7] Motor 7 init failed, expected 43 params, got 0
2025-12-24 11:52:50.391147[INFO][DMMotor#7] zlog version: 0.1.4.dev11+g996d249
2025-12-24 11:52:50.391185[INFO][DMMotor#7] zlog_cpp version: 0.1.4.dev11+g996d249
2025-12-24 11:52:50.391210[INFO][DMMotor#7] AIRBOT Drivers: v0.1.4.dev11+g996d249
2025-12-24 11:52:53.424582[ERROR][DMMotor#7] Motor 7 init failed, expected 43 params, got 0
2025-12-24 11:55:17.001742[INFO][DMMotor#7] zlog version: 0.1.4.dev11+g996d249
2025-12-24 11:55:17.001775[INFO][DMMotor#7] zlog_cpp version: 0.1.4.dev11+g996d249
2025-12-24 11:55:17.001796[INFO][DMMotor#7] AIRBOT Drivers: v0.1.4.dev11+g996d249
2025-12-24 11:55:20.047063[ERROR][DMMotor#7] Motor 7 init failed, expected 43 params, got 0
2025-12-24 11:56:59.958271[INFO][DMMotor#7] zlog version: 0.1.4.dev11+g996d249
2025-12-24 11:56:59.958299[INFO][DMMotor#7] zlog_cpp version: 0.1.4.dev11+g996d249
2025-12-24 11:56:59.958315[INFO][DMMotor#7] AIRBOT Drivers: v0.1.4.dev11+g996d249
2025-12-24 11:57:02.994145[ERROR][DMMotor#7] Motor 7 init failed, expected 43 params, got 0
2025-12-24 11:57:32.156064[INFO][DMMotor#7] zlog version: 0.1.4.dev11+g996d249
2025-12-24 11:57:32.156090[INFO][DMMotor#7] zlog_cpp version: 0.1.4.dev11+g996d249
2025-12-24 11:57:32.156105[INFO][DMMotor#7] AIRBOT Drivers: v0.1.4.dev11+g996d249
2025-12-24 11:57:35.169656[INFO][DMMotor#7] zlog version: 0.1.4.dev11+g996d249
2025-12-24 11:57:35.169718[INFO][DMMotor#7] zlog_cpp version: 0.1.4.dev11+g996d249
2025-12-24 11:57:35.169736[INFO][DMMotor#7] AIRBOT Drivers: v0.1.4.dev11+g996d249
2025-12-24 11:57:35.200990[ERROR][DMMotor#7] Motor 7 init failed, expected 43 params, got 0
2025-12-24 11:57:38.185926[ERROR][DMMotor#7] Motor 7 init failed, expected 43 params, got 0
2025-12-24 12:01:03.933348[INFO][DMMotor#7] zlog version: 0.1.4.dev11+g996d249
2025-12-24 12:01:03.933380[INFO][DMMotor#7] zlog_cpp version: 0.1.4.dev11+g996d249
2025-12-24 12:01:03.933418[INFO][DMMotor#7] AIRBOT Drivers: v0.1.4.dev11+g996d249
2025-12-24 12:01:06.966336[ERROR][DMMotor#7] Motor 7 init failed, expected 43 params, got 0
2025-12-24 12:04:26.767337[INFO][DMMotor#7] zlog version: 0.1.4.dev11+g996d249
2025-12-24 12:04:26.767378[INFO][DMMotor#7] zlog_cpp version: 0.1.4.dev11+g996d249
2025-12-24 12:04:26.767396[INFO][DMMotor#7] AIRBOT Drivers: v0.1.4.dev11+g996d249
2025-12-24 12:04:29.810581[ERROR][DMMotor#7] Motor 7 init failed, expected 43 params, got 0
2025-12-24 12:09:09.318472[INFO][DMMotor#7] zlog version: 0.1.4.dev11+g996d249
2025-12-24 12:09:09.318590[INFO][DMMotor#7] zlog_cpp version: 0.1.4.dev11+g996d249
2025-12-24 12:09:09.318625[INFO][DMMotor#7] AIRBOT Drivers: v0.1.4.dev11+g996d249
2025-12-24 12:09:12.366818[ERROR][DMMotor#7] Motor 7 init failed, expected 43 params, got 0
2025-12-24 12:11:04.231044[INFO][DMMotor#7] zlog version: 0.1.4.dev11+g996d249
2025-12-24 12:11:04.231095[INFO][DMMotor#7] zlog_cpp version: 0.1.4.dev11+g996d249
2025-12-24 12:11:04.231123[INFO][DMMotor#7] AIRBOT Drivers: v0.1.4.dev11+g996d249
2025-12-24 12:11:07.233592[ERROR][DMMotor#7] Motor 7 init failed, expected 43 params, got 0
2025-12-24 12:13:14.703002[INFO][DMMotor#7] zlog version: 0.1.4.dev11+g996d249
2025-12-24 12:13:14.703025[INFO][DMMotor#7] zlog_cpp version: 0.1.4.dev11+g996d249
2025-12-24 12:13:14.703041[INFO][DMMotor#7] AIRBOT Drivers: v0.1.4.dev11+g996d249
2025-12-24 12:13:17.710241[ERROR][DMMotor#7] Motor 7 init failed, expected 43 params, got 0
2025-12-24 13:37:29.084188[INFO][DMMotor#7] zlog version: 0.1.4.dev11+g996d249
2025-12-24 13:37:29.084219[INFO][DMMotor#7] zlog_cpp version: 0.1.4.dev11+g996d249
2025-12-24 13:37:29.084310[INFO][DMMotor#7] AIRBOT Drivers: v0.1.4.dev11+g996d249
2025-12-24 13:37:32.124224[ERROR][DMMotor#7] Motor 7 init failed, expected 43 params, got 0
2025-12-24 13:37:55.922372[INFO][DMMotor#7] zlog version: 0.1.4.dev11+g996d249
2025-12-24 13:37:55.922430[INFO][DMMotor#7] zlog_cpp version: 0.1.4.dev11+g996d249
2025-12-24 13:37:55.922445[INFO][DMMotor#7] AIRBOT Drivers: v0.1.4.dev11+g996d249
2025-12-24 13:37:58.969795[ERROR][DMMotor#7] Motor 7 init failed, expected 43 params, got 0
2025-12-24 13:39:03.252279[INFO][DMMotor#7] zlog version: 0.1.4.dev11+g996d249
2025-12-24 13:39:03.252358[INFO][DMMotor#7] zlog_cpp version: 0.1.4.dev11+g996d249
2025-12-24 13:39:03.252376[INFO][DMMotor#7] AIRBOT Drivers: v0.1.4.dev11+g996d249
2025-12-24 13:39:06.288394[ERROR][DMMotor#7] Motor 7 init failed, expected 43 params, got 0
2025-12-24 13:43:12.337759[INFO][DMMotor#7] zlog version: 0.1.4.dev11+g996d249
2025-12-24 13:43:12.337775[INFO][DMMotor#7] zlog_cpp version: 0.1.4.dev11+g996d249
2025-12-24 13:43:12.337781[INFO][DMMotor#7] AIRBOT Drivers: v0.1.4.dev11+g996d249
2025-12-24 13:43:15.374727[ERROR][DMMotor#7] Motor 7 init failed, expected 43 params, got 0
2025-12-24 13:44:10.558668[INFO][DMMotor#7] zlog version: 0.1.4.dev11+g996d249
2025-12-24 13:44:10.558788[INFO][DMMotor#7] zlog_cpp version: 0.1.4.dev11+g996d249
2025-12-24 13:44:10.558820[INFO][DMMotor#7] AIRBOT Drivers: v0.1.4.dev11+g996d249
2025-12-24 13:44:13.594020[ERROR][DMMotor#7] Motor 7 init failed, expected 43 params, got 0
2025-12-24 13:48:30.958284[INFO][DMMotor#7] zlog version: 0.1.4.dev11+g996d249
2025-12-24 13:48:30.958316[INFO][DMMotor#7] zlog_cpp version: 0.1.4.dev11+g996d249
2025-12-24 13:48:30.958333[INFO][DMMotor#7] AIRBOT Drivers: v0.1.4.dev11+g996d249
2025-12-24 13:48:33.994044[ERROR][DMMotor#7] Motor 7 init failed, expected 43 params, got 0
2025-12-24 13:50:21.181197[INFO][DMMotor#7] zlog version: 0.1.4.dev11+g996d249
2025-12-24 13:50:21.181293[INFO][DMMotor#7] zlog_cpp version: 0.1.4.dev11+g996d249
2025-12-24 13:50:21.181320[INFO][DMMotor#7] AIRBOT Drivers: v0.1.4.dev11+g996d249
2025-12-24 13:50:24.225889[ERROR][DMMotor#7] Motor 7 init failed, expected 43 params, got 0
2025-12-24 13:52:46.114948[INFO][DMMotor#7] zlog version: 0.1.4.dev11+g996d249
2025-12-24 13:52:46.115022[INFO][DMMotor#7] zlog_cpp version: 0.1.4.dev11+g996d249
2025-12-24 13:52:46.115039[INFO][DMMotor#7] AIRBOT Drivers: v0.1.4.dev11+g996d249
2025-12-24 13:52:49.154074[ERROR][DMMotor#7] Motor 7 init failed, expected 43 params, got 0
2025-12-24 14:03:09.319519[INFO][DMMotor#7] zlog version: 0.1.4.dev11+g996d249
2025-12-24 14:03:09.319596[INFO][DMMotor#7] zlog_cpp version: 0.1.4.dev11+g996d249
2025-12-24 14:03:09.319617[INFO][DMMotor#7] AIRBOT Drivers: v0.1.4.dev11+g996d249
2025-12-24 14:03:12.351624[ERROR][DMMotor#7] Motor 7 init failed, expected 43 params, got 0
2025-12-24 14:04:55.348561[INFO][DMMotor#7] zlog version: 0.1.4.dev11+g996d249
2025-12-24 14:04:55.348592[INFO][DMMotor#7] zlog_cpp version: 0.1.4.dev11+g996d249
2025-12-24 14:04:55.348610[INFO][DMMotor#7] AIRBOT Drivers: v0.1.4.dev11+g996d249
2025-12-24 14:04:58.394432[ERROR][DMMotor#7] Motor 7 init failed, expected 43 params, got 0
2025-12-24 14:06:07.922571[INFO][DMMotor#7] zlog version: 0.1.4.dev11+g996d249
2025-12-24 14:06:07.922604[INFO][DMMotor#7] zlog_cpp version: 0.1.4.dev11+g996d249
2025-12-24 14:06:07.922625[INFO][DMMotor#7] AIRBOT Drivers: v0.1.4.dev11+g996d249
2025-12-24 14:06:10.955757[ERROR][DMMotor#7] Motor 7 init failed, expected 43 params, got 0
2025-12-24 14:10:38.150616[INFO][DMMotor#7] zlog version: 0.1.4.dev11+g996d249
2025-12-24 14:10:38.150642[INFO][DMMotor#7] zlog_cpp version: 0.1.4.dev11+g996d249
2025-12-24 14:10:38.150659[INFO][DMMotor#7] AIRBOT Drivers: v0.1.4.dev11+g996d249
2025-12-24 14:10:41.171744[ERROR][DMMotor#7] Motor 7 init failed, expected 43 params, got 0
2025-12-24 14:13:03.970417[INFO][DMMotor#7] zlog version: 0.1.4.dev11+g996d249
2025-12-24 14:13:03.970500[INFO][DMMotor#7] zlog_cpp version: 0.1.4.dev11+g996d249
2025-12-24 14:13:03.970533[INFO][DMMotor#7] AIRBOT Drivers: v0.1.4.dev11+g996d249
2025-12-24 14:13:07.010294[ERROR][DMMotor#7] Motor 7 init failed, expected 43 params, got 0
2025-12-24 14:16:07.624559[INFO][DMMotor#7] zlog version: 0.1.4.dev11+g996d249
2025-12-24 14:16:07.624647[INFO][DMMotor#7] zlog_cpp version: 0.1.4.dev11+g996d249
2025-12-24 14:16:07.624669[INFO][DMMotor#7] AIRBOT Drivers: v0.1.4.dev11+g996d249
2025-12-24 14:16:10.646274[ERROR][DMMotor#7] Motor 7 init failed, expected 43 params, got 0
2025-12-24 14:26:06.761638[INFO][DMMotor#7] zlog version: 0.1.4.dev11+g996d249
2025-12-24 14:26:06.761666[INFO][DMMotor#7] zlog_cpp version: 0.1.4.dev11+g996d249
2025-12-24 14:26:06.761682[INFO][DMMotor#7] AIRBOT Drivers: v0.1.4.dev11+g996d249
2025-12-24 14:26:09.804943[ERROR][DMMotor#7] Motor 7 init failed, expected 43 params, got 0
2025-12-24 14:29:01.773053[INFO][DMMotor#7] zlog version: 0.1.4.dev11+g996d249
2025-12-24 14:29:01.773089[INFO][DMMotor#7] zlog_cpp version: 0.1.4.dev11+g996d249
2025-12-24 14:29:01.773110[INFO][DMMotor#7] AIRBOT Drivers: v0.1.4.dev11+g996d249
2025-12-24 14:29:04.776415[ERROR][DMMotor#7] Motor 7 init failed, expected 43 params, got 0
2025-12-24 14:35:32.820265[INFO][DMMotor#7] zlog version: 0.1.4.dev11+g996d249
2025-12-24 14:35:32.820299[INFO][DMMotor#7] zlog_cpp version: 0.1.4.dev11+g996d249
2025-12-24 14:35:32.820320[INFO][DMMotor#7] AIRBOT Drivers: v0.1.4.dev11+g996d249
2025-12-24 14:35:35.866426[ERROR][DMMotor#7] Motor 7 init failed, expected 43 params, got 0
2025-12-24 14:38:34.635904[INFO][DMMotor#7] zlog version: 0.1.4.dev11+g996d249
2025-12-24 14:38:34.667039[INFO][DMMotor#7] zlog_cpp version: 0.1.4.dev11+g996d249
2025-12-24 14:38:34.667069[INFO][DMMotor#7] AIRBOT Drivers: v0.1.4.dev11+g996d249
2025-12-24 14:38:37.702559[ERROR][DMMotor#7] Motor 7 init failed, expected 43 params, got 0
2025-12-24 14:39:04.445583[INFO][DMMotor#7] zlog version: 0.1.4.dev11+g996d249
2025-12-24 14:39:04.445634[INFO][DMMotor#7] zlog_cpp version: 0.1.4.dev11+g996d249
2025-12-24 14:39:04.445644[INFO][DMMotor#7] AIRBOT Drivers: v0.1.4.dev11+g996d249
2025-12-24 14:39:07.446286[ERROR][DMMotor#7] Motor 7 init failed, expected 43 params, got 0
2025-12-24 14:41:35.545395[INFO][DMMotor#7] zlog version: 0.1.4.dev11+g996d249
2025-12-24 14:41:35.545403[INFO][DMMotor#7] zlog_cpp version: 0.1.4.dev11+g996d249
2025-12-24 14:41:35.545408[INFO][DMMotor#7] AIRBOT Drivers: v0.1.4.dev11+g996d249
2025-12-24 14:41:35.546046[ERROR][DMMotor#7] Connecting to motor 7 via slcan failed.
2025-12-24 14:42:09.562531[INFO][DMMotor#7] zlog version: 0.1.4.dev11+g996d249
2025-12-24 14:42:09.562539[INFO][DMMotor#7] zlog_cpp version: 0.1.4.dev11+g996d249
2025-12-24 14:42:09.562545[INFO][DMMotor#7] AIRBOT Drivers: v0.1.4.dev11+g996d249
2025-12-24 14:42:09.562648[ERROR][DMMotor#7] Connecting to motor 7 via slcan failed.
2025-12-24 14:42:20.164913[INFO][DMMotor#7] zlog version: 0.1.4.dev11+g996d249
2025-12-24 14:42:20.164939[INFO][DMMotor#7] zlog_cpp version: 0.1.4.dev11+g996d249
2025-12-24 14:42:20.164962[INFO][DMMotor#7] AIRBOT Drivers: v0.1.4.dev11+g996d249
2025-12-24 14:42:20.165131[ERROR][DMMotor#7] Connecting to motor 7 via slcan failed.
2025-12-24 14:43:45.741413[INFO][DMMotor#7] zlog version: 0.1.4.dev11+g996d249
2025-12-24 14:43:45.741471[INFO][DMMotor#7] zlog_cpp version: 0.1.4.dev11+g996d249
2025-12-24 14:43:45.741488[INFO][DMMotor#7] AIRBOT Drivers: v0.1.4.dev11+g996d249
2025-12-24 14:43:48.778746[ERROR][DMMotor#7] Motor 7 init failed, expected 43 params, got 0
2025-12-24 14:44:27.313977[INFO][DMMotor#7] zlog version: 0.1.4.dev11+g996d249
2025-12-24 14:44:27.314125[INFO][DMMotor#7] zlog_cpp version: 0.1.4.dev11+g996d249
2025-12-24 14:44:27.314166[INFO][DMMotor#7] AIRBOT Drivers: v0.1.4.dev11+g996d249
2025-12-24 14:44:30.355804[ERROR][DMMotor#7] Motor 7 init failed, expected 43 params, got 0
2025-12-24 14:45:06.704510[INFO][DMMotor#7] zlog version: 0.1.4.dev11+g996d249
2025-12-24 14:45:06.704546[INFO][DMMotor#7] zlog_cpp version: 0.1.4.dev11+g996d249
2025-12-24 14:45:06.704566[INFO][DMMotor#7] AIRBOT Drivers: v0.1.4.dev11+g996d249
2025-12-24 14:45:09.749181[ERROR][DMMotor#7] Motor 7 init failed, expected 43 params, got 0
2025-12-24 14:52:22.466104[INFO][DMMotor#7] zlog version: 0.1.4.dev11+g996d249
2025-12-24 14:52:22.466137[INFO][DMMotor#7] zlog_cpp version: 0.1.4.dev11+g996d249
2025-12-24 14:52:22.466156[INFO][DMMotor#7] AIRBOT Drivers: v0.1.4.dev11+g996d249
2025-12-24 14:52:25.500048[ERROR][DMMotor#7] Motor 7 init failed, expected 43 params, got 0
2025-12-24 14:52:58.196636[INFO][DMMotor#7] zlog version: 0.1.4.dev11+g996d249
2025-12-24 14:52:58.196686[INFO][DMMotor#7] zlog_cpp version: 0.1.4.dev11+g996d249
2025-12-24 14:52:58.196708[INFO][DMMotor#7] AIRBOT Drivers: v0.1.4.dev11+g996d249
2025-12-24 14:53:01.229684[ERROR][DMMotor#7] Motor 7 init failed, expected 43 params, got 0
2025-12-24 14:56:20.493945[INFO][DMMotor#7] zlog version: 0.1.4.dev11+g996d249
2025-12-24 14:56:20.494000[INFO][DMMotor#7] zlog_cpp version: 0.1.4.dev11+g996d249
2025-12-24 14:56:20.494013[INFO][DMMotor#7] AIRBOT Drivers: v0.1.4.dev11+g996d249
2025-12-24 14:56:23.530025[ERROR][DMMotor#7] Motor 7 init failed, expected 43 params, got 0
2025-12-24 15:13:16.487838[INFO][DMMotor#7] zlog version: 0.1.4.dev11+g996d249
2025-12-24 15:13:16.487941[INFO][DMMotor#7] zlog_cpp version: 0.1.4.dev11+g996d249
2025-12-24 15:13:16.487963[INFO][DMMotor#7] AIRBOT Drivers: v0.1.4.dev11+g996d249
2025-12-24 15:13:19.536093[ERROR][DMMotor#7] Motor 7 init failed, expected 43 params, got 0
2025-12-24 15:13:57.169919[INFO][DMMotor#7] zlog version: 0.1.4.dev11+g996d249
2025-12-24 15:13:57.169952[INFO][DMMotor#7] zlog_cpp version: 0.1.4.dev11+g996d249
2025-12-24 15:13:57.169970[INFO][DMMotor#7] AIRBOT Drivers: v0.1.4.dev11+g996d249
2025-12-24 15:14:00.200331[ERROR][DMMotor#7] Motor 7 init failed, expected 43 params, got 0
2025-12-24 15:14:27.853725[INFO][DMMotor#7] zlog version: 0.1.4.dev11+g996d249
2025-12-24 15:14:27.853766[INFO][DMMotor#7] zlog_cpp version: 0.1.4.dev11+g996d249
2025-12-24 15:14:27.853791[INFO][DMMotor#7] AIRBOT Drivers: v0.1.4.dev11+g996d249
2025-12-24 15:14:30.861157[ERROR][DMMotor#7] Motor 7 init failed, expected 43 params, got 0
2025-12-24 15:14:52.630849[INFO][DMMotor#7] zlog version: 0.1.4.dev11+g996d249
2025-12-24 15:14:52.630859[INFO][DMMotor#7] zlog_cpp version: 0.1.4.dev11+g996d249
2025-12-24 15:14:52.630865[INFO][DMMotor#7] AIRBOT Drivers: v0.1.4.dev11+g996d249
2025-12-24 15:14:55.672322[ERROR][DMMotor#7] Motor 7 init failed, expected 43 params, got 0
2025-12-24 15:17:10.136076[INFO][DMMotor#7] zlog version: 0.1.4.dev11+g996d249
2025-12-24 15:17:10.136184[INFO][DMMotor#7] zlog_cpp version: 0.1.4.dev11+g996d249
2025-12-24 15:17:10.136221[INFO][DMMotor#7] AIRBOT Drivers: v0.1.4.dev11+g996d249
2025-12-24 15:17:13.174781[ERROR][DMMotor#7] Motor 7 init failed, expected 43 params, got 0
2025-12-24 15:18:19.489719[INFO][DMMotor#7] zlog version: 0.1.4.dev11+g996d249
2025-12-24 15:18:19.489745[INFO][DMMotor#7] zlog_cpp version: 0.1.4.dev11+g996d249
2025-12-24 15:18:19.489760[INFO][DMMotor#7] AIRBOT Drivers: v0.1.4.dev11+g996d249
2025-12-24 15:18:22.518439[ERROR][DMMotor#7] Motor 7 init failed, expected 43 params, got 0
2025-12-24 15:21:27.600000[INFO][DMMotor#7] zlog version: 0.1.4.dev11+g996d249
2025-12-24 15:21:27.600078[INFO][DMMotor#7] zlog_cpp version: 0.1.4.dev11+g996d249
2025-12-24 15:21:27.600096[INFO][DMMotor#7] AIRBOT Drivers: v0.1.4.dev11+g996d249
2025-12-24 15:21:30.635337[ERROR][DMMotor#7] Motor 7 init failed, expected 43 params, got 0
2025-12-24 15:24:57.734827[INFO][DMMotor#7] zlog version: 0.1.4.dev11+g996d249
2025-12-24 15:24:57.734910[INFO][DMMotor#7] zlog_cpp version: 0.1.4.dev11+g996d249
2025-12-24 15:24:57.734930[INFO][DMMotor#7] AIRBOT Drivers: v0.1.4.dev11+g996d249
2025-12-24 15:25:00.778335[ERROR][DMMotor#7] Motor 7 init failed, expected 43 params, got 0
2025-12-24 15:26:36.886111[INFO][DMMotor#7] zlog version: 0.1.4.dev11+g996d249
2025-12-24 15:26:36.886175[INFO][DMMotor#7] zlog_cpp version: 0.1.4.dev11+g996d249
2025-12-24 15:26:36.886192[INFO][DMMotor#7] AIRBOT Drivers: v0.1.4.dev11+g996d249
2025-12-24 15:26:39.933712[ERROR][DMMotor#7] Motor 7 init failed, expected 43 params, got 0
2025-12-24 15:29:29.886034[INFO][DMMotor#7] zlog version: 0.1.4.dev11+g996d249
2025-12-24 15:29:29.886120[INFO][DMMotor#7] zlog_cpp version: 0.1.4.dev11+g996d249
2025-12-24 15:29:29.886143[INFO][DMMotor#7] AIRBOT Drivers: v0.1.4.dev11+g996d249
2025-12-24 15:29:32.930330[ERROR][DMMotor#7] Motor 7 init failed, expected 43 params, got 0
2025-12-24 15:33:45.277770[INFO][DMMotor#7] zlog version: 0.1.4.dev11+g996d249
2025-12-24 15:33:45.277807[INFO][DMMotor#7] zlog_cpp version: 0.1.4.dev11+g996d249
2025-12-24 15:33:45.277850[INFO][DMMotor#7] AIRBOT Drivers: v0.1.4.dev11+g996d249
2025-12-24 15:33:48.310867[ERROR][DMMotor#7] Motor 7 init failed, expected 43 params, got 0
2025-12-24 15:39:33.391342[INFO][DMMotor#7] zlog version: 0.1.4.dev11+g996d249
2025-12-24 15:39:33.391350[INFO][DMMotor#7] zlog_cpp version: 0.1.4.dev11+g996d249
2025-12-24 15:39:33.391355[INFO][DMMotor#7] AIRBOT Drivers: v0.1.4.dev11+g996d249
2025-12-24 15:39:33.391548[ERROR][DMMotor#7] Connecting to motor 7 via slcan0 failed.
2025-12-24 15:40:07.595498[INFO][DMMotor#7] zlog version: 0.1.4.dev11+g996d249
2025-12-24 15:40:07.595524[INFO][DMMotor#7] zlog_cpp version: 0.1.4.dev11+g996d249
2025-12-24 15:40:07.595531[INFO][DMMotor#7] AIRBOT Drivers: v0.1.4.dev11+g996d249
2025-12-24 15:40:07.595633[ERROR][DMMotor#7] Connecting to motor 7 via slcan0 failed.
2025-12-24 15:40:23.078198[INFO][DMMotor#7] zlog version: 0.1.4.dev11+g996d249
2025-12-24 15:40:23.078204[INFO][DMMotor#7] zlog_cpp version: 0.1.4.dev11+g996d249
2025-12-24 15:40:23.078210[INFO][DMMotor#7] AIRBOT Drivers: v0.1.4.dev11+g996d249
2025-12-24 15:40:23.078746[ERROR][DMMotor#7] Connecting to motor 7 via slcan0 failed.
2025-12-24 15:41:16.523040[INFO][DMMotor#7] zlog version: 0.1.4.dev11+g996d249
2025-12-24 15:41:16.523046[INFO][DMMotor#7] zlog_cpp version: 0.1.4.dev11+g996d249
2025-12-24 15:41:16.523053[INFO][DMMotor#7] AIRBOT Drivers: v0.1.4.dev11+g996d249
2025-12-24 15:41:16.524192[ERROR][DMMotor#7] Connecting to motor 7 via slcan0 failed.
2025-12-24 15:44:57.782183[INFO][DMMotor#7] zlog version: 0.1.4.dev11+g996d249
2025-12-24 15:44:57.782219[INFO][DMMotor#7] zlog_cpp version: 0.1.4.dev11+g996d249
2025-12-24 15:44:57.782256[INFO][DMMotor#7] AIRBOT Drivers: v0.1.4.dev11+g996d249
2025-12-24 15:45:00.831120[ERROR][DMMotor#7] Motor 7 init failed, expected 43 params, got 0
2025-12-24 15:46:13.608766[INFO][DMMotor#7] zlog version: 0.1.4.dev11+g996d249
2025-12-24 15:46:13.608794[INFO][DMMotor#7] zlog_cpp version: 0.1.4.dev11+g996d249
2025-12-24 15:46:13.608811[INFO][DMMotor#7] AIRBOT Drivers: v0.1.4.dev11+g996d249
2025-12-24 15:46:16.646908[ERROR][DMMotor#7] Motor 7 init failed, expected 43 params, got 0
2025-12-24 15:46:45.540587[INFO][DMMotor#7] zlog version: 0.1.4.dev11+g996d249
2025-12-24 15:46:45.540617[INFO][DMMotor#7] zlog_cpp version: 0.1.4.dev11+g996d249
2025-12-24 15:46:45.540637[INFO][DMMotor#7] AIRBOT Drivers: v0.1.4.dev11+g996d249
2025-12-24 15:46:48.572645[ERROR][DMMotor#7] Motor 7 init failed, expected 43 params, got 0
2025-12-24 15:56:07.384091[INFO][DMMotor#7] zlog version: 0.1.4.dev11+g996d249
2025-12-24 15:56:07.384115[INFO][DMMotor#7] zlog_cpp version: 0.1.4.dev11+g996d249
2025-12-24 15:56:07.384133[INFO][DMMotor#7] AIRBOT Drivers: v0.1.4.dev11+g996d249
2025-12-24 15:56:10.394993[ERROR][DMMotor#7] Motor 7 init failed, expected 43 params, got 0
2025-12-24 15:56:21.892785[INFO][DMMotor#7] zlog version: 0.1.4.dev11+g996d249
2025-12-24 15:56:21.892882[INFO][DMMotor#7] zlog_cpp version: 0.1.4.dev11+g996d249
2025-12-24 15:56:21.892914[INFO][DMMotor#7] AIRBOT Drivers: v0.1.4.dev11+g996d249
2025-12-24 15:56:24.926678[ERROR][DMMotor#7] Motor 7 init failed, expected 43 params, got 0
2025-12-24 15:59:13.173213[INFO][DMMotor#7] zlog version: 0.1.4.dev11+g996d249
2025-12-24 15:59:13.173261[INFO][DMMotor#7] zlog_cpp version: 0.1.4.dev11+g996d249
2025-12-24 15:59:13.173285[INFO][DMMotor#7] AIRBOT Drivers: v0.1.4.dev11+g996d249
2025-12-24 15:59:16.178446[ERROR][DMMotor#7] Motor 7 init failed, expected 43 params, got 0
2025-12-24 16:06:57.940169[INFO][DMMotor#7] zlog version: 0.1.4.dev11+g996d249
2025-12-24 16:06:57.940195[INFO][DMMotor#7] zlog_cpp version: 0.1.4.dev11+g996d249
2025-12-24 16:06:57.940211[INFO][DMMotor#7] AIRBOT Drivers: v0.1.4.dev11+g996d249
2025-12-24 16:07:00.974355[ERROR][DMMotor#7] Motor 7 init failed, expected 43 params, got 0
2025-12-24 16:08:33.251580[INFO][DMMotor#7] zlog version: 0.1.4.dev11+g996d249
2025-12-24 16:08:33.251647[INFO][DMMotor#7] zlog_cpp version: 0.1.4.dev11+g996d249
2025-12-24 16:08:33.251665[INFO][DMMotor#7] AIRBOT Drivers: v0.1.4.dev11+g996d249
2025-12-24 16:08:36.286851[ERROR][DMMotor#7] Motor 7 init failed, expected 43 params, got 0
2025-12-24 16:10:03.943425[INFO][DMMotor#7] zlog version: 0.1.4.dev11+g996d249
2025-12-24 16:10:03.943450[INFO][DMMotor#7] zlog_cpp version: 0.1.4.dev11+g996d249
2025-12-24 16:10:03.943469[INFO][DMMotor#7] AIRBOT Drivers: v0.1.4.dev11+g996d249
2025-12-24 16:10:06.975251[ERROR][DMMotor#7] Motor 7 init failed, expected 43 params, got 0
2025-12-24 16:10:38.278556[INFO][DMMotor#7] zlog version: 0.1.4.dev11+g996d249
2025-12-24 16:10:38.278584[INFO][DMMotor#7] zlog_cpp version: 0.1.4.dev11+g996d249
2025-12-24 16:10:38.278603[INFO][DMMotor#7] AIRBOT Drivers: v0.1.4.dev11+g996d249
2025-12-24 16:10:41.311405[ERROR][DMMotor#7] Motor 7 init failed, expected 43 params, got 0
2025-12-24 16:15:06.315545[INFO][DMMotor#7] zlog version: 0.1.4.dev11+g996d249
2025-12-24 16:15:06.315581[INFO][DMMotor#7] zlog_cpp version: 0.1.4.dev11+g996d249
2025-12-24 16:15:06.315600[INFO][DMMotor#7] AIRBOT Drivers: v0.1.4.dev11+g996d249
2025-12-24 16:15:09.346207[ERROR][DMMotor#7] Motor 7 init failed, expected 43 params, got 0
2025-12-24 16:16:09.381098[INFO][DMMotor#7] zlog version: 0.1.4.dev11+g996d249
2025-12-24 16:16:09.381123[INFO][DMMotor#7] zlog_cpp version: 0.1.4.dev11+g996d249
2025-12-24 16:16:09.381139[INFO][DMMotor#7] AIRBOT Drivers: v0.1.4.dev11+g996d249
2025-12-24 16:16:12.428930[ERROR][DMMotor#7] Motor 7 init failed, expected 43 params, got 0
2025-12-24 16:17:36.931597[INFO][DMMotor#7] zlog version: 0.1.4.dev11+g996d249
2025-12-24 16:17:36.931658[INFO][DMMotor#7] zlog_cpp version: 0.1.4.dev11+g996d249
2025-12-24 16:17:36.931675[INFO][DMMotor#7] AIRBOT Drivers: v0.1.4.dev11+g996d249
2025-12-24 16:17:39.971812[ERROR][DMMotor#7] Motor 7 init failed, expected 43 params, got 0
2025-12-24 16:23:27.794671[INFO][DMMotor#7] zlog version: 0.1.4.dev11+g996d249
2025-12-24 16:23:27.794777[INFO][DMMotor#7] zlog_cpp version: 0.1.4.dev11+g996d249
2025-12-24 16:23:27.794798[INFO][DMMotor#7] AIRBOT Drivers: v0.1.4.dev11+g996d249
2025-12-24 16:23:30.828067[ERROR][DMMotor#7] Motor 7 init failed, expected 43 params, got 0
2025-12-24 16:26:33.112176[INFO][DMMotor#7] zlog version: 0.1.4.dev11+g996d249
2025-12-24 16:26:33.112248[INFO][DMMotor#7] zlog_cpp version: 0.1.4.dev11+g996d249
2025-12-24 16:26:33.112264[INFO][DMMotor#7] AIRBOT Drivers: v0.1.4.dev11+g996d249
2025-12-24 16:26:36.147576[ERROR][DMMotor#7] Motor 7 init failed, expected 43 params, got 0
2025-12-24 16:27:18.240946[INFO][DMMotor#7] zlog version: 0.1.4.dev11+g996d249
2025-12-24 16:27:18.240974[INFO][DMMotor#7] zlog_cpp version: 0.1.4.dev11+g996d249
2025-12-24 16:27:18.240989[INFO][DMMotor#7] AIRBOT Drivers: v0.1.4.dev11+g996d249
2025-12-24 16:27:21.277550[ERROR][DMMotor#7] Motor 7 init failed, expected 43 params, got 0
2025-12-24 16:35:46.651325[INFO][DMMotor#7] zlog version: 0.1.4.dev11+g996d249
2025-12-24 16:35:46.651364[INFO][DMMotor#7] zlog_cpp version: 0.1.4.dev11+g996d249
2025-12-24 16:35:46.651382[INFO][DMMotor#7] AIRBOT Drivers: v0.1.4.dev11+g996d249
2025-12-24 16:35:49.688353[ERROR][DMMotor#7] Motor 7 init failed, expected 43 params, got 0
2025-12-24 16:37:39.683946[INFO][DMMotor#7] zlog version: 0.1.4.dev11+g996d249
2025-12-24 16:37:39.684023[INFO][DMMotor#7] zlog_cpp version: 0.1.4.dev11+g996d249
2025-12-24 16:37:39.684042[INFO][DMMotor#7] AIRBOT Drivers: v0.1.4.dev11+g996d249
2025-12-24 16:37:42.712604[ERROR][DMMotor#7] Motor 7 init failed, expected 43 params, got 0
2025-12-24 16:39:25.843099[INFO][DMMotor#7] zlog version: 0.1.4.dev11+g996d249
2025-12-24 16:39:25.843139[INFO][DMMotor#7] zlog_cpp version: 0.1.4.dev11+g996d249
2025-12-24 16:39:25.843160[INFO][DMMotor#7] AIRBOT Drivers: v0.1.4.dev11+g996d249
2025-12-24 16:39:28.877888[ERROR][DMMotor#7] Motor 7 init failed, expected 43 params, got 0
2025-12-24 16:43:42.076539[INFO][DMMotor#7] zlog version: 0.1.4.dev11+g996d249
2025-12-24 16:43:42.076578[INFO][DMMotor#7] zlog_cpp version: 0.1.4.dev11+g996d249
2025-12-24 16:43:42.076600[INFO][DMMotor#7] AIRBOT Drivers: v0.1.4.dev11+g996d249
2025-12-24 16:43:45.119253[ERROR][DMMotor#7] Motor 7 init failed, expected 43 params, got 0
2025-12-24 16:44:51.688171[INFO][DMMotor#7] zlog version: 0.1.4.dev11+g996d249
2025-12-24 16:44:51.688221[INFO][DMMotor#7] zlog_cpp version: 0.1.4.dev11+g996d249
2025-12-24 16:44:51.688242[INFO][DMMotor#7] AIRBOT Drivers: v0.1.4.dev11+g996d249
2025-12-24 16:44:54.718573[ERROR][DMMotor#7] Motor 7 init failed, expected 43 params, got 0
2025-12-24 16:46:13.834367[INFO][DMMotor#7] zlog version: 0.1.4.dev11+g996d249
2025-12-24 16:46:13.834423[INFO][DMMotor#7] zlog_cpp version: 0.1.4.dev11+g996d249
2025-12-24 16:46:13.834458[INFO][DMMotor#7] AIRBOT Drivers: v0.1.4.dev11+g996d249
2025-12-24 16:46:16.864641[ERROR][DMMotor#7] Motor 7 init failed, expected 43 params, got 0
2025-12-24 16:48:48.309788[INFO][DMMotor#7] zlog version: 0.1.4.dev11+g996d249
2025-12-24 16:48:48.309812[INFO][DMMotor#7] zlog_cpp version: 0.1.4.dev11+g996d249
2025-12-24 16:48:48.309879[INFO][DMMotor#7] AIRBOT Drivers: v0.1.4.dev11+g996d249
2025-12-24 16:48:51.356402[ERROR][DMMotor#7] Motor 7 init failed, expected 43 params, got 0
2025-12-24 16:54:51.165615[INFO][DMMotor#7] zlog version: 0.1.4.dev11+g996d249
2025-12-24 16:54:51.165644[INFO][DMMotor#7] zlog_cpp version: 0.1.4.dev11+g996d249
2025-12-24 16:54:51.165664[INFO][DMMotor#7] AIRBOT Drivers: v0.1.4.dev11+g996d249
2025-12-24 16:54:54.211293[ERROR][DMMotor#7] Motor 7 init failed, expected 43 params, got 0
2025-12-24 16:55:12.952959[INFO][DMMotor#7] zlog version: 0.1.4.dev11+g996d249
2025-12-24 16:55:12.952990[INFO][DMMotor#7] zlog_cpp version: 0.1.4.dev11+g996d249
2025-12-24 16:55:12.953007[INFO][DMMotor#7] AIRBOT Drivers: v0.1.4.dev11+g996d249
2025-12-24 16:55:15.994316[ERROR][DMMotor#7] Motor 7 init failed, expected 43 params, got 0
2025-12-24 16:56:35.282071[INFO][DMMotor#7] zlog version: 0.1.4.dev11+g996d249
2025-12-24 16:56:35.282111[INFO][DMMotor#7] zlog_cpp version: 0.1.4.dev11+g996d249
2025-12-24 16:56:35.282137[INFO][DMMotor#7] AIRBOT Drivers: v0.1.4.dev11+g996d249
2025-12-24 16:56:38.318560[ERROR][DMMotor#7] Motor 7 init failed, expected 43 params, got 0
2025-12-24 16:57:29.940318[INFO][DMMotor#7] zlog version: 0.1.4.dev11+g996d249
2025-12-24 16:57:29.940337[INFO][DMMotor#7] zlog_cpp version: 0.1.4.dev11+g996d249
2025-12-24 16:57:29.940349[INFO][DMMotor#7] AIRBOT Drivers: v0.1.4.dev11+g996d249
2025-12-24 16:57:32.983983[ERROR][DMMotor#7] Motor 7 init failed, expected 43 params, got 0
2025-12-24 16:58:09.735775[INFO][DMMotor#7] zlog version: 0.1.4.dev11+g996d249
2025-12-24 16:58:09.735832[INFO][DMMotor#7] zlog_cpp version: 0.1.4.dev11+g996d249
2025-12-24 16:58:09.735851[INFO][DMMotor#7] AIRBOT Drivers: v0.1.4.dev11+g996d249
2025-12-24 16:58:12.764084[ERROR][DMMotor#7] Motor 7 init failed, expected 43 params, got 0
2025-12-24 16:58:46.742455[INFO][DMMotor#7] zlog version: 0.1.4.dev11+g996d249
2025-12-24 16:58:46.742471[INFO][DMMotor#7] zlog_cpp version: 0.1.4.dev11+g996d249
2025-12-24 16:58:46.742482[INFO][DMMotor#7] AIRBOT Drivers: v0.1.4.dev11+g996d249
2025-12-24 16:58:49.771415[ERROR][DMMotor#7] Motor 7 init failed, expected 43 params, got 0
2025-12-24 17:08:05.328678[INFO][DMMotor#7] zlog version: 0.1.4.dev11+g996d249
2025-12-24 17:08:05.328702[INFO][DMMotor#7] zlog_cpp version: 0.1.4.dev11+g996d249
2025-12-24 17:08:05.328718[INFO][DMMotor#7] AIRBOT Drivers: v0.1.4.dev11+g996d249
2025-12-24 17:08:08.348202[ERROR][DMMotor#7] Motor 7 init failed, expected 43 params, got 0
2025-12-24 17:15:12.021176[INFO][DMMotor#7] zlog version: 0.1.4.dev11+g996d249
2025-12-24 17:15:12.021215[INFO][DMMotor#7] zlog_cpp version: 0.1.4.dev11+g996d249
2025-12-24 17:15:12.021252[INFO][DMMotor#7] AIRBOT Drivers: v0.1.4.dev11+g996d249
2025-12-24 17:15:15.049829[ERROR][DMMotor#7] Motor 7 init failed, expected 43 params, got 0
2025-12-24 17:15:42.740108[INFO][DMMotor#7] zlog version: 0.1.4.dev11+g996d249
2025-12-24 17:15:42.740187[INFO][DMMotor#7] zlog_cpp version: 0.1.4.dev11+g996d249
2025-12-24 17:15:42.740207[INFO][DMMotor#7] AIRBOT Drivers: v0.1.4.dev11+g996d249
2025-12-24 17:15:45.770564[ERROR][DMMotor#7] Motor 7 init failed, expected 43 params, got 0
2025-12-24 17:16:43.253855[INFO][DMMotor#7] zlog version: 0.1.4.dev11+g996d249
2025-12-24 17:16:43.253887[INFO][DMMotor#7] zlog_cpp version: 0.1.4.dev11+g996d249
2025-12-24 17:16:43.253908[INFO][DMMotor#7] AIRBOT Drivers: v0.1.4.dev11+g996d249
2025-12-24 17:16:46.288349[ERROR][DMMotor#7] Motor 7 init failed, expected 43 params, got 0
2025-12-24 17:23:56.124462[INFO][DMMotor#7] zlog version: 0.1.4.dev11+g996d249
2025-12-24 17:23:56.124524[INFO][DMMotor#7] zlog_cpp version: 0.1.4.dev11+g996d249
2025-12-24 17:23:56.124553[INFO][DMMotor#7] AIRBOT Drivers: v0.1.4.dev11+g996d249
2025-12-24 17:23:59.132501[ERROR][DMMotor#7] Motor 7 init failed, expected 43 params, got 0
2025-12-24 17:24:29.801046[INFO][DMMotor#7] zlog version: 0.1.4.dev11+g996d249
2025-12-24 17:24:29.801151[INFO][DMMotor#7] zlog_cpp version: 0.1.4.dev11+g996d249
2025-12-24 17:24:29.801185[INFO][DMMotor#7] AIRBOT Drivers: v0.1.4.dev11+g996d249
2025-12-24 17:24:32.831093[ERROR][DMMotor#7] Motor 7 init failed, expected 43 params, got 0
2025-12-24 17:25:46.181291[INFO][DMMotor#7] zlog version: 0.1.4.dev11+g996d249
2025-12-24 17:25:46.181318[INFO][DMMotor#7] zlog_cpp version: 0.1.4.dev11+g996d249
2025-12-24 17:25:46.181335[INFO][DMMotor#7] AIRBOT Drivers: v0.1.4.dev11+g996d249
2025-12-24 17:25:49.220084[ERROR][DMMotor#7] Motor 7 init failed, expected 43 params, got 0
2025-12-24 17:26:23.083959[INFO][DMMotor#7] zlog version: 0.1.4.dev11+g996d249
2025-12-24 17:26:23.083989[INFO][DMMotor#7] zlog_cpp version: 0.1.4.dev11+g996d249
2025-12-24 17:26:23.084003[INFO][DMMotor#7] AIRBOT Drivers: v0.1.4.dev11+g996d249
2025-12-24 17:26:26.118215[ERROR][DMMotor#7] Motor 7 init failed, expected 43 params, got 0
2025-12-24 17:58:07.499966[INFO][DMMotor#7] zlog version: 0.1.4.dev11+g996d249
2025-12-24 17:58:07.500053[INFO][DMMotor#7] zlog_cpp version: 0.1.4.dev11+g996d249
2025-12-24 17:58:07.500077[INFO][DMMotor#7] AIRBOT Drivers: v0.1.4.dev11+g996d249
2025-12-24 17:58:10.538614[ERROR][DMMotor#7] Motor 7 init failed, expected 43 params, got 0
2025-12-24 17:58:33.463955[INFO][DMMotor#7] zlog version: 0.1.4.dev11+g996d249
2025-12-24 17:58:33.464049[INFO][DMMotor#7] zlog_cpp version: 0.1.4.dev11+g996d249
2025-12-24 17:58:33.464073[INFO][DMMotor#7] AIRBOT Drivers: v0.1.4.dev11+g996d249
2025-12-24 17:58:36.506430[ERROR][DMMotor#7] Motor 7 init failed, expected 43 params, got 0
2025-12-24 17:59:06.314254[INFO][DMMotor#7] zlog version: 0.1.4.dev11+g996d249
2025-12-24 17:59:06.314286[INFO][DMMotor#7] zlog_cpp version: 0.1.4.dev11+g996d249
2025-12-24 17:59:06.314308[INFO][DMMotor#7] AIRBOT Drivers: v0.1.4.dev11+g996d249
2025-12-24 17:59:09.347393[ERROR][DMMotor#7] Motor 7 init failed, expected 43 params, got 0
2025-12-24 18:19:19.383095[INFO][DMMotor#7] zlog version: 0.1.4.dev11+g996d249
2025-12-24 18:19:19.383127[INFO][DMMotor#7] zlog_cpp version: 0.1.4.dev11+g996d249
2025-12-24 18:19:19.383133[INFO][DMMotor#7] AIRBOT Drivers: v0.1.4.dev11+g996d249
2025-12-24 18:19:22.414555[ERROR][DMMotor#7] Motor 7 init failed, expected 43 params, got 0
2025-12-24 18:20:36.601785[INFO][DMMotor#7] zlog version: 0.1.4.dev11+g996d249
2025-12-24 18:20:36.601826[INFO][DMMotor#7] zlog_cpp version: 0.1.4.dev11+g996d249
2025-12-24 18:20:36.601857[INFO][DMMotor#7] AIRBOT Drivers: v0.1.4.dev11+g996d249
2025-12-24 18:20:39.639339[ERROR][DMMotor#7] Motor 7 init failed, expected 43 params, got 0
2025-12-24 19:48:33.205347[INFO][DMMotor#7] zlog version: 0.1.4.dev11+g996d249
2025-12-24 19:48:33.205420[INFO][DMMotor#7] zlog_cpp version: 0.1.4.dev11+g996d249
2025-12-24 19:48:33.205436[INFO][DMMotor#7] AIRBOT Drivers: v0.1.4.dev11+g996d249
2025-12-24 19:48:36.234435[ERROR][DMMotor#7] Motor 7 init failed, expected 43 params, got 0
2025-12-24 19:49:39.545750[INFO][DMMotor#7] zlog version: 0.1.4.dev11+g996d249
2025-12-24 19:49:39.545783[INFO][DMMotor#7] zlog_cpp version: 0.1.4.dev11+g996d249
2025-12-24 19:49:39.545789[INFO][DMMotor#7] AIRBOT Drivers: v0.1.4.dev11+g996d249
2025-12-24 19:49:42.563231[ERROR][DMMotor#7] Motor 7 init failed, expected 43 params, got 0
2025-12-24 19:51:53.607891[INFO][DMMotor#7] zlog version: 0.1.4.dev11+g996d249
2025-12-24 19:51:53.607947[INFO][DMMotor#7] zlog_cpp version: 0.1.4.dev11+g996d249
2025-12-24 19:51:53.607968[INFO][DMMotor#7] AIRBOT Drivers: v0.1.4.dev11+g996d249
2025-12-24 19:51:53.608369[ERROR][DMMotor#7] Connecting to motor 7 via slcan0 failed.
2025-12-24 19:52:21.836476[INFO][DMMotor#7] zlog version: 0.1.4.dev11+g996d249
2025-12-24 19:52:21.836499[INFO][DMMotor#7] zlog_cpp version: 0.1.4.dev11+g996d249
2025-12-24 19:52:21.836505[INFO][DMMotor#7] AIRBOT Drivers: v0.1.4.dev11+g996d249
2025-12-24 19:52:21.836630[ERROR][DMMotor#7] Connecting to motor 7 via slcan0 failed.
2025-12-24 19:53:15.065172[INFO][DMMotor#7] zlog version: 0.1.4.dev11+g996d249
2025-12-24 19:53:15.065182[INFO][DMMotor#7] zlog_cpp version: 0.1.4.dev11+g996d249
2025-12-24 19:53:15.065188[INFO][DMMotor#7] AIRBOT Drivers: v0.1.4.dev11+g996d249
2025-12-24 19:53:15.065473[ERROR][DMMotor#7] Connecting to motor 7 via slcan0 failed.
2025-12-24 19:53:28.331771[INFO][DMMotor#7] zlog version: 0.1.4.dev11+g996d249
2025-12-24 19:53:28.331777[INFO][DMMotor#7] zlog_cpp version: 0.1.4.dev11+g996d249
2025-12-24 19:53:28.331783[INFO][DMMotor#7] AIRBOT Drivers: v0.1.4.dev11+g996d249
2025-12-24 19:53:28.331940[ERROR][DMMotor#7] Connecting to motor 7 via slcan0 failed.
2025-12-24 19:53:52.865466[INFO][DMMotor#7] zlog version: 0.1.4.dev11+g996d249
2025-12-24 19:53:52.865496[INFO][DMMotor#7] zlog_cpp version: 0.1.4.dev11+g996d249
2025-12-24 19:53:52.865502[INFO][DMMotor#7] AIRBOT Drivers: v0.1.4.dev11+g996d249
2025-12-24 19:53:52.865868[ERROR][DMMotor#7] Connecting to motor 7 via slcan0 failed.
2025-12-24 19:54:31.143867[INFO][DMMotor#7] zlog version: 0.1.4.dev11+g996d249
2025-12-24 19:54:31.143875[INFO][DMMotor#7] zlog_cpp version: 0.1.4.dev11+g996d249
2025-12-24 19:54:31.143880[INFO][DMMotor#7] AIRBOT Drivers: v0.1.4.dev11+g996d249
2025-12-24 19:54:31.144068[ERROR][DMMotor#7] Connecting to motor 7 via slcan0 failed.
2025-12-24 19:55:46.146388[INFO][DMMotor#7] zlog version: 0.1.4.dev11+g996d249
2025-12-24 19:55:46.146414[INFO][DMMotor#7] zlog_cpp version: 0.1.4.dev11+g996d249
2025-12-24 19:55:46.146420[INFO][DMMotor#7] AIRBOT Drivers: v0.1.4.dev11+g996d249
2025-12-24 19:55:46.146670[ERROR][DMMotor#7] Connecting to motor 7 via slcan0 failed.
2025-12-24 19:56:10.071305[INFO][DMMotor#7] zlog version: 0.1.4.dev11+g996d249
2025-12-24 19:56:10.071313[INFO][DMMotor#7] zlog_cpp version: 0.1.4.dev11+g996d249
2025-12-24 19:56:10.071318[INFO][DMMotor#7] AIRBOT Drivers: v0.1.4.dev11+g996d249
2025-12-24 19:56:10.071443[ERROR][DMMotor#7] Connecting to motor 7 via slcan0 failed.
2025-12-24 19:57:13.183221[INFO][DMMotor#7] zlog version: 0.1.4.dev11+g996d249
2025-12-24 19:57:13.183260[INFO][DMMotor#7] zlog_cpp version: 0.1.4.dev11+g996d249
2025-12-24 19:57:13.183282[INFO][DMMotor#7] AIRBOT Drivers: v0.1.4.dev11+g996d249
2025-12-24 19:57:13.183479[ERROR][DMMotor#7] Connecting to motor 7 via slcan0 failed.
2025-12-24 19:58:12.072923[INFO][DMMotor#7] zlog version: 0.1.4.dev11+g996d249
2025-12-24 19:58:12.072970[INFO][DMMotor#7] zlog_cpp version: 0.1.4.dev11+g996d249
2025-12-24 19:58:12.072981[INFO][DMMotor#7] AIRBOT Drivers: v0.1.4.dev11+g996d249
2025-12-24 19:58:12.073247[ERROR][DMMotor#7] Connecting to motor 7 via slcan0 failed.
2025-12-24 19:58:40.932425[INFO][DMMotor#7] zlog version: 0.1.4.dev11+g996d249
2025-12-24 19:58:40.932494[INFO][DMMotor#7] zlog_cpp version: 0.1.4.dev11+g996d249
2025-12-24 19:58:40.932511[INFO][DMMotor#7] AIRBOT Drivers: v0.1.4.dev11+g996d249
2025-12-24 19:58:40.933541[ERROR][DMMotor#7] Connecting to motor 7 via slcan0 failed.
2025-12-25 09:40:00.522637[INFO][DMMotor#7] zlog version: 0.1.4.dev11+g996d249
2025-12-25 09:40:00.522663[INFO][DMMotor#7] zlog_cpp version: 0.1.4.dev11+g996d249
2025-12-25 09:40:00.522669[INFO][DMMotor#7] AIRBOT Drivers: v0.1.4.dev11+g996d249
2025-12-25 09:40:00.523459[ERROR][DMMotor#7] Connecting to motor 7 via slcan0 failed.
2025-12-25 09:43:23.965625[INFO][DMMotor#7] zlog version: 0.1.4.dev11+g996d249
2025-12-25 09:43:23.965633[INFO][DMMotor#7] zlog_cpp version: 0.1.4.dev11+g996d249
2025-12-25 09:43:23.965638[INFO][DMMotor#7] AIRBOT Drivers: v0.1.4.dev11+g996d249
2025-12-25 09:43:23.965740[ERROR][DMMotor#7] Connecting to motor 7 via slcan0 failed.
2025-12-25 09:43:47.807222[INFO][DMMotor#7] zlog version: 0.1.4.dev11+g996d249
2025-12-25 09:43:47.807249[INFO][DMMotor#7] zlog_cpp version: 0.1.4.dev11+g996d249
2025-12-25 09:43:47.807257[INFO][DMMotor#7] AIRBOT Drivers: v0.1.4.dev11+g996d249
2025-12-25 09:43:47.807481[ERROR][DMMotor#7] Connecting to motor 7 via slcan0 failed.
2025-12-25 09:52:40.685218[INFO][DMMotor#7] zlog version: 0.1.4.dev11+g996d249
2025-12-25 09:52:40.685241[INFO][DMMotor#7] zlog_cpp version: 0.1.4.dev11+g996d249
2025-12-25 09:52:40.685247[INFO][DMMotor#7] AIRBOT Drivers: v0.1.4.dev11+g996d249
2025-12-25 09:52:40.685494[ERROR][DMMotor#7] Connecting to motor 7 via slcan0 failed.
2025-12-25 09:53:54.295850[INFO][DMMotor#7] zlog version: 0.1.4.dev11+g996d249
2025-12-25 09:53:54.295941[INFO][DMMotor#7] zlog_cpp version: 0.1.4.dev11+g996d249
2025-12-25 09:53:54.295966[INFO][DMMotor#7] AIRBOT Drivers: v0.1.4.dev11+g996d249
2025-12-25 09:53:57.305028[ERROR][DMMotor#7] Motor 7 init failed, expected 43 params, got 0
2025-12-25 09:55:30.131893[INFO][DMMotor#7] zlog version: 0.1.4.dev11+g996d249
2025-12-25 09:55:30.131917[INFO][DMMotor#7] zlog_cpp version: 0.1.4.dev11+g996d249
2025-12-25 09:55:30.131931[INFO][DMMotor#7] AIRBOT Drivers: v0.1.4.dev11+g996d249
2025-12-25 09:55:33.172489[ERROR][DMMotor#7] Motor 7 init failed, expected 43 params, got 0
2025-12-25 09:55:54.792089[INFO][DMMotor#7] zlog version: 0.1.4.dev11+g996d249
2025-12-25 09:55:54.792193[INFO][DMMotor#7] zlog_cpp version: 0.1.4.dev11+g996d249
2025-12-25 09:55:54.792217[INFO][DMMotor#7] AIRBOT Drivers: v0.1.4.dev11+g996d249
2025-12-25 09:55:57.835750[ERROR][DMMotor#7] Motor 7 init failed, expected 43 params, got 0
2025-12-25 09:56:28.950750[INFO][DMMotor#7] zlog version: 0.1.4.dev11+g996d249
2025-12-25 09:56:28.950782[INFO][DMMotor#7] zlog_cpp version: 0.1.4.dev11+g996d249
2025-12-25 09:56:28.950805[INFO][DMMotor#7] AIRBOT Drivers: v0.1.4.dev11+g996d249
2025-12-25 09:56:31.982292[ERROR][DMMotor#7] Motor 7 init failed, expected 43 params, got 0
2025-12-25 09:58:33.655984[INFO][DMMotor#7] zlog version: 0.1.4.dev11+g996d249
2025-12-25 09:58:33.656145[INFO][DMMotor#7] zlog_cpp version: 0.1.4.dev11+g996d249
2025-12-25 09:58:33.656237[INFO][DMMotor#7] AIRBOT Drivers: v0.1.4.dev11+g996d249
2025-12-25 09:58:36.689407[ERROR][DMMotor#7] Motor 7 init failed, expected 43 params, got 0
2025-12-25 09:59:17.117669[INFO][DMMotor#7] zlog version: 0.1.4.dev11+g996d249
2025-12-25 09:59:17.117777[INFO][DMMotor#7] zlog_cpp version: 0.1.4.dev11+g996d249
2025-12-25 09:59:17.117810[INFO][DMMotor#7] AIRBOT Drivers: v0.1.4.dev11+g996d249
2025-12-25 09:59:20.147739[ERROR][DMMotor#7] Motor 7 init failed, expected 43 params, got 0
2025-12-25 09:59:50.291498[INFO][DMMotor#7] zlog version: 0.1.4.dev11+g996d249
2025-12-25 09:59:50.291583[INFO][DMMotor#7] zlog_cpp version: 0.1.4.dev11+g996d249
2025-12-25 09:59:50.291607[INFO][DMMotor#7] AIRBOT Drivers: v0.1.4.dev11+g996d249
2025-12-25 09:59:53.323485[ERROR][DMMotor#7] Motor 7 init failed, expected 43 params, got 0
2025-12-25 10:04:01.818681[INFO][DMMotor#7] zlog version: 0.1.4.dev11+g996d249
2025-12-25 10:04:01.818776[INFO][DMMotor#7] zlog_cpp version: 0.1.4.dev11+g996d249
2025-12-25 10:04:01.818819[INFO][DMMotor#7] AIRBOT Drivers: v0.1.4.dev11+g996d249
2025-12-25 10:04:04.863891[ERROR][DMMotor#7] Motor 7 init failed, expected 43 params, got 0
2025-12-25 10:18:14.337315[INFO][DMMotor#7] zlog version: 0.1.4.dev11+g996d249
2025-12-25 10:18:14.337342[INFO][DMMotor#7] zlog_cpp version: 0.1.4.dev11+g996d249
2025-12-25 10:18:14.337360[INFO][DMMotor#7] AIRBOT Drivers: v0.1.4.dev11+g996d249
2025-12-25 10:18:17.368569[ERROR][DMMotor#7] Motor 7 init failed, expected 43 params, got 0
2025-12-25 10:19:58.692251[INFO][DMMotor#7] zlog version: 0.1.4.dev11+g996d249
2025-12-25 10:19:58.692339[INFO][DMMotor#7] zlog_cpp version: 0.1.4.dev11+g996d249
2025-12-25 10:19:58.692363[INFO][DMMotor#7] AIRBOT Drivers: v0.1.4.dev11+g996d249
2025-12-25 10:20:01.725536[ERROR][DMMotor#7] Motor 7 init failed, expected 43 params, got 0
2025-12-25 10:20:27.134453[INFO][DMMotor#7] zlog version: 0.1.4.dev11+g996d249
2025-12-25 10:20:27.134469[INFO][DMMotor#7] zlog_cpp version: 0.1.4.dev11+g996d249
2025-12-25 10:20:27.134481[INFO][DMMotor#7] AIRBOT Drivers: v0.1.4.dev11+g996d249
2025-12-25 10:20:30.169618[ERROR][DMMotor#7] Motor 7 init failed, expected 43 params, got 0
2025-12-25 10:21:02.174303[INFO][DMMotor#7] zlog version: 0.1.4.dev11+g996d249
2025-12-25 10:21:02.174352[INFO][DMMotor#7] zlog_cpp version: 0.1.4.dev11+g996d249
2025-12-25 10:21:02.174383[INFO][DMMotor#7] AIRBOT Drivers: v0.1.4.dev11+g996d249
2025-12-25 10:21:05.214424[ERROR][DMMotor#7] Motor 7 init failed, expected 43 params, got 0
2025-12-25 10:23:29.143668[INFO][DMMotor#7] zlog version: 0.1.4.dev11+g996d249
2025-12-25 10:23:29.143700[INFO][DMMotor#7] zlog_cpp version: 0.1.4.dev11+g996d249
2025-12-25 10:23:29.143721[INFO][DMMotor#7] AIRBOT Drivers: v0.1.4.dev11+g996d249
2025-12-25 10:23:32.188818[ERROR][DMMotor#7] Motor 7 init failed, expected 43 params, got 0
2025-12-25 10:24:28.461943[INFO][DMMotor#7] zlog version: 0.1.4.dev11+g996d249
2025-12-25 10:24:28.461971[INFO][DMMotor#7] zlog_cpp version: 0.1.4.dev11+g996d249
2025-12-25 10:24:28.461990[INFO][DMMotor#7] AIRBOT Drivers: v0.1.4.dev11+g996d249
2025-12-25 10:24:31.506046[ERROR][DMMotor#7] Motor 7 init failed, expected 43 params, got 0
2025-12-25 10:29:00.299840[INFO][DMMotor#7] zlog version: 0.1.4.dev11+g996d249
2025-12-25 10:29:00.299900[INFO][DMMotor#7] zlog_cpp version: 0.1.4.dev11+g996d249
2025-12-25 10:29:00.299923[INFO][DMMotor#7] AIRBOT Drivers: v0.1.4.dev11+g996d249
2025-12-25 10:29:03.338547[ERROR][DMMotor#7] Motor 7 init failed, expected 43 params, got 0
2025-12-25 10:30:38.270307[INFO][DMMotor#7] zlog version: 0.1.4.dev11+g996d249
2025-12-25 10:30:38.270348[INFO][DMMotor#7] zlog_cpp version: 0.1.4.dev11+g996d249
2025-12-25 10:30:38.270368[INFO][DMMotor#7] AIRBOT Drivers: v0.1.4.dev11+g996d249
2025-12-25 10:30:41.312206[ERROR][DMMotor#7] Motor 7 init failed, expected 43 params, got 0
2025-12-25 10:31:53.740069[INFO][DMMotor#7] zlog version: 0.1.4.dev11+g996d249
2025-12-25 10:31:53.740154[INFO][DMMotor#7] zlog_cpp version: 0.1.4.dev11+g996d249
2025-12-25 10:31:53.740172[INFO][DMMotor#7] AIRBOT Drivers: v0.1.4.dev11+g996d249
2025-12-25 10:31:56.775643[ERROR][DMMotor#7] Motor 7 init failed, expected 43 params, got 0
2025-12-25 10:34:22.395260[INFO][DMMotor#7] zlog version: 0.1.4.dev11+g996d249
2025-12-25 10:34:22.395293[INFO][DMMotor#7] zlog_cpp version: 0.1.4.dev11+g996d249
2025-12-25 10:34:22.395312[INFO][DMMotor#7] AIRBOT Drivers: v0.1.4.dev11+g996d249
2025-12-25 10:34:25.429397[ERROR][DMMotor#7] Motor 7 init failed, expected 43 params, got 0
2025-12-25 10:36:52.555445[INFO][DMMotor#7] zlog version: 0.1.4.dev11+g996d249
2025-12-25 10:36:52.555610[INFO][DMMotor#7] zlog_cpp version: 0.1.4.dev11+g996d249
2025-12-25 10:36:52.555647[INFO][DMMotor#7] AIRBOT Drivers: v0.1.4.dev11+g996d249
2025-12-25 10:36:55.590685[ERROR][DMMotor#7] Motor 7 init failed, expected 43 params, got 0
2025-12-25 10:39:58.774251[INFO][DMMotor#7] zlog version: 0.1.4.dev11+g996d249
2025-12-25 10:39:58.774341[INFO][DMMotor#7] zlog_cpp version: 0.1.4.dev11+g996d249
2025-12-25 10:39:58.774363[INFO][DMMotor#7] AIRBOT Drivers: v0.1.4.dev11+g996d249
2025-12-25 10:40:01.807354[ERROR][DMMotor#7] Motor 7 init failed, expected 43 params, got 0
2025-12-25 10:41:50.640879[INFO][DMMotor#7] zlog version: 0.1.4.dev11+g996d249
2025-12-25 10:41:50.640913[INFO][DMMotor#7] zlog_cpp version: 0.1.4.dev11+g996d249
2025-12-25 10:41:50.640934[INFO][DMMotor#7] AIRBOT Drivers: v0.1.4.dev11+g996d249
2025-12-25 10:41:53.668955[ERROR][DMMotor#7] Motor 7 init failed, expected 43 params, got 0
2025-12-25 10:47:50.673866[INFO][DMMotor#7] zlog version: 0.1.4.dev11+g996d249
2025-12-25 10:47:50.673902[INFO][DMMotor#7] zlog_cpp version: 0.1.4.dev11+g996d249
2025-12-25 10:47:50.673922[INFO][DMMotor#7] AIRBOT Drivers: v0.1.4.dev11+g996d249
2025-12-25 10:47:53.715400[ERROR][DMMotor#7] Motor 7 init failed, expected 43 params, got 0
2025-12-25 10:55:42.857265[INFO][DMMotor#7] zlog version: 0.1.4.dev11+g996d249
2025-12-25 10:55:42.857364[INFO][DMMotor#7] zlog_cpp version: 0.1.4.dev11+g996d249
2025-12-25 10:55:42.857402[INFO][DMMotor#7] AIRBOT Drivers: v0.1.4.dev11+g996d249
2025-12-25 10:55:45.903004[ERROR][DMMotor#7] Motor 7 init failed, expected 43 params, got 0
2025-12-25 11:15:43.022054[INFO][DMMotor#7] zlog version: 0.1.4.dev11+g996d249
2025-12-25 11:15:43.022090[INFO][DMMotor#7] zlog_cpp version: 0.1.4.dev11+g996d249
2025-12-25 11:15:43.022120[INFO][DMMotor#7] AIRBOT Drivers: v0.1.4.dev11+g996d249
2025-12-25 11:15:46.049952[ERROR][DMMotor#7] Motor 7 init failed, expected 43 params, got 0
2025-12-25 11:18:21.400458[INFO][DMMotor#7] zlog version: 0.1.4.dev11+g996d249
2025-12-25 11:18:21.400494[INFO][DMMotor#7] zlog_cpp version: 0.1.4.dev11+g996d249
2025-12-25 11:18:21.400516[INFO][DMMotor#7] AIRBOT Drivers: v0.1.4.dev11+g996d249
2025-12-25 11:18:24.436062[ERROR][DMMotor#7] Motor 7 init failed, expected 43 params, got 0
2025-12-25 11:32:28.329720[INFO][DMMotor#7] zlog version: 0.1.4.dev11+g996d249
2025-12-25 11:32:28.329741[INFO][DMMotor#7] zlog_cpp version: 0.1.4.dev11+g996d249
2025-12-25 11:32:28.329754[INFO][DMMotor#7] AIRBOT Drivers: v0.1.4.dev11+g996d249
2025-12-25 11:32:31.330253[ERROR][DMMotor#7] Motor 7 init failed, expected 43 params, got 0
2025-12-25 11:36:31.782968[INFO][DMMotor#7] zlog version: 0.1.4.dev11+g996d249
2025-12-25 11:36:31.783009[INFO][DMMotor#7] zlog_cpp version: 0.1.4.dev11+g996d249
2025-12-25 11:36:31.783051[INFO][DMMotor#7] AIRBOT Drivers: v0.1.4.dev11+g996d249
2025-12-25 11:36:34.811139[ERROR][DMMotor#7] Motor 7 init failed, expected 43 params, got 0
2025-12-25 11:37:46.057739[INFO][DMMotor#7] zlog version: 0.1.4.dev11+g996d249
2025-12-25 11:37:46.057773[INFO][DMMotor#7] zlog_cpp version: 0.1.4.dev11+g996d249
2025-12-25 11:37:46.057794[INFO][DMMotor#7] AIRBOT Drivers: v0.1.4.dev11+g996d249
2025-12-25 11:37:49.101129[ERROR][DMMotor#7] Motor 7 init failed, expected 43 params, got 0
2025-12-25 11:41:58.321174[INFO][DMMotor#7] zlog version: 0.1.4.dev11+g996d249
2025-12-25 11:41:58.321296[INFO][DMMotor#7] zlog_cpp version: 0.1.4.dev11+g996d249
2025-12-25 11:41:58.321320[INFO][DMMotor#7] AIRBOT Drivers: v0.1.4.dev11+g996d249
2025-12-25 11:42:01.368935[ERROR][DMMotor#7] Motor 7 init failed, expected 43 params, got 0
2025-12-25 11:42:52.731301[INFO][DMMotor#7] zlog version: 0.1.4.dev11+g996d249
2025-12-25 11:42:52.731404[INFO][DMMotor#7] zlog_cpp version: 0.1.4.dev11+g996d249
2025-12-25 11:42:52.731425[INFO][DMMotor#7] AIRBOT Drivers: v0.1.4.dev11+g996d249
2025-12-25 11:42:55.764071[ERROR][DMMotor#7] Motor 7 init failed, expected 43 params, got 0
2025-12-25 11:49:23.239517[INFO][DMMotor#7] zlog version: 0.1.4.dev11+g996d249
2025-12-25 11:49:23.239535[INFO][DMMotor#7] zlog_cpp version: 0.1.4.dev11+g996d249
2025-12-25 11:49:23.239546[INFO][DMMotor#7] AIRBOT Drivers: v0.1.4.dev11+g996d249
2025-12-25 11:49:26.259157[ERROR][DMMotor#7] Motor 7 init failed, expected 43 params, got 0
2025-12-25 11:50:07.966186[INFO][DMMotor#7] zlog version: 0.1.4.dev11+g996d249
2025-12-25 11:50:07.966250[INFO][DMMotor#7] zlog_cpp version: 0.1.4.dev11+g996d249
2025-12-25 11:50:07.966265[INFO][DMMotor#7] AIRBOT Drivers: v0.1.4.dev11+g996d249
2025-12-25 11:50:11.001489[ERROR][DMMotor#7] Motor 7 init failed, expected 43 params, got 0
2025-12-25 11:51:22.831024[INFO][DMMotor#7] zlog version: 0.1.4.dev11+g996d249
2025-12-25 11:51:22.831046[INFO][DMMotor#7] zlog_cpp version: 0.1.4.dev11+g996d249
2025-12-25 11:51:22.831058[INFO][DMMotor#7] AIRBOT Drivers: v0.1.4.dev11+g996d249
2025-12-25 11:51:25.858220[ERROR][DMMotor#7] Motor 7 init failed, expected 43 params, got 0
2025-12-25 11:51:55.144456[INFO][DMMotor#7] zlog version: 0.1.4.dev11+g996d249
2025-12-25 11:51:55.144532[INFO][DMMotor#7] zlog_cpp version: 0.1.4.dev11+g996d249
2025-12-25 11:51:55.144556[INFO][DMMotor#7] AIRBOT Drivers: v0.1.4.dev11+g996d249
2025-12-25 11:51:58.173385[ERROR][DMMotor#7] Motor 7 init failed, expected 43 params, got 0
2025-12-25 11:52:36.218780[INFO][DMMotor#7] zlog version: 0.1.4.dev11+g996d249
2025-12-25 11:52:36.218901[INFO][DMMotor#7] zlog_cpp version: 0.1.4.dev11+g996d249
2025-12-25 11:52:36.218927[INFO][DMMotor#7] AIRBOT Drivers: v0.1.4.dev11+g996d249
2025-12-25 11:52:39.262053[ERROR][DMMotor#7] Motor 7 init failed, expected 43 params, got 0
2025-12-25 11:53:01.966119[INFO][DMMotor#7] zlog version: 0.1.4.dev11+g996d249
2025-12-25 11:53:01.966185[INFO][DMMotor#7] zlog_cpp version: 0.1.4.dev11+g996d249
2025-12-25 11:53:01.966204[INFO][DMMotor#7] AIRBOT Drivers: v0.1.4.dev11+g996d249
2025-12-25 11:53:05.008341[ERROR][DMMotor#7] Motor 7 init failed, expected 43 params, got 0
2025-12-25 11:53:28.004300[INFO][DMMotor#7] zlog version: 0.1.4.dev11+g996d249
2025-12-25 11:53:28.004388[INFO][DMMotor#7] zlog_cpp version: 0.1.4.dev11+g996d249
2025-12-25 11:53:28.004409[INFO][DMMotor#7] AIRBOT Drivers: v0.1.4.dev11+g996d249
2025-12-25 11:53:31.044887[ERROR][DMMotor#7] Motor 7 init failed, expected 43 params, got 0
2025-12-25 11:54:40.271243[INFO][DMMotor#7] zlog version: 0.1.4.dev11+g996d249
2025-12-25 11:54:40.271261[INFO][DMMotor#7] zlog_cpp version: 0.1.4.dev11+g996d249
2025-12-25 11:54:40.271271[INFO][DMMotor#7] AIRBOT Drivers: v0.1.4.dev11+g996d249
2025-12-25 11:54:43.314441[ERROR][DMMotor#7] Motor 7 init failed, expected 43 params, got 0
2025-12-25 11:59:13.627977[INFO][DMMotor#7] zlog version: 0.1.4.dev11+g996d249
2025-12-25 11:59:13.628021[INFO][DMMotor#7] zlog_cpp version: 0.1.4.dev11+g996d249
2025-12-25 11:59:13.628045[INFO][DMMotor#7] AIRBOT Drivers: v0.1.4.dev11+g996d249
2025-12-25 11:59:16.675621[ERROR][DMMotor#7] Motor 7 init failed, expected 43 params, got 0
2025-12-25 11:59:57.966199[INFO][DMMotor#7] zlog version: 0.1.4.dev11+g996d249
2025-12-25 11:59:57.966287[INFO][DMMotor#7] zlog_cpp version: 0.1.4.dev11+g996d249
2025-12-25 11:59:57.966309[INFO][DMMotor#7] AIRBOT Drivers: v0.1.4.dev11+g996d249
2025-12-25 12:00:01.002859[ERROR][DMMotor#7] Motor 7 init failed, expected 43 params, got 0
2025-12-25 12:02:01.672114[INFO][DMMotor#7] zlog version: 0.1.4.dev11+g996d249
2025-12-25 12:02:01.672199[INFO][DMMotor#7] zlog_cpp version: 0.1.4.dev11+g996d249
2025-12-25 12:02:01.672216[INFO][DMMotor#7] AIRBOT Drivers: v0.1.4.dev11+g996d249
2025-12-25 12:02:04.701464[ERROR][DMMotor#7] Motor 7 init failed, expected 43 params, got 0
2025-12-25 12:30:18.506588[INFO][DMMotor#7] zlog version: 0.1.4.dev11+g996d249
2025-12-25 12:30:18.506638[INFO][DMMotor#7] zlog_cpp version: 0.1.4.dev11+g996d249
2025-12-25 12:30:18.506668[INFO][DMMotor#7] AIRBOT Drivers: v0.1.4.dev11+g996d249
2025-12-25 12:30:21.545599[ERROR][DMMotor#7] Motor 7 init failed, expected 43 params, got 0
2025-12-25 12:30:53.495853[INFO][DMMotor#7] zlog version: 0.1.4.dev11+g996d249
2025-12-25 12:30:53.495908[INFO][DMMotor#7] zlog_cpp version: 0.1.4.dev11+g996d249
2025-12-25 12:30:53.495933[INFO][DMMotor#7] AIRBOT Drivers: v0.1.4.dev11+g996d249
2025-12-25 12:30:56.533463[ERROR][DMMotor#7] Motor 7 init failed, expected 43 params, got 0
2025-12-25 12:31:23.840544[INFO][DMMotor#7] zlog version: 0.1.4.dev11+g996d249
2025-12-25 12:31:23.840591[INFO][DMMotor#7] zlog_cpp version: 0.1.4.dev11+g996d249
2025-12-25 12:31:23.840626[INFO][DMMotor#7] AIRBOT Drivers: v0.1.4.dev11+g996d249
2025-12-25 12:31:26.872544[ERROR][DMMotor#7] Motor 7 init failed, expected 43 params, got 0
2025-12-25 12:36:49.997710[INFO][DMMotor#7] zlog version: 0.1.4.dev11+g996d249
2025-12-25 12:36:49.997799[INFO][DMMotor#7] zlog_cpp version: 0.1.4.dev11+g996d249
2025-12-25 12:36:49.997823[INFO][DMMotor#7] AIRBOT Drivers: v0.1.4.dev11+g996d249
2025-12-25 12:36:53.044349[ERROR][DMMotor#7] Motor 7 init failed, expected 43 params, got 0
2025-12-25 12:37:14.313140[INFO][DMMotor#7] zlog version: 0.1.4.dev11+g996d249
2025-12-25 12:37:14.313176[INFO][DMMotor#7] zlog_cpp version: 0.1.4.dev11+g996d249
2025-12-25 12:37:14.313220[INFO][DMMotor#7] AIRBOT Drivers: v0.1.4.dev11+g996d249
2025-12-25 12:37:17.347212[ERROR][DMMotor#7] Motor 7 init failed, expected 43 params, got 0
2025-12-25 12:38:38.454922[INFO][DMMotor#7] zlog version: 0.1.4.dev11+g996d249
2025-12-25 12:38:38.454958[INFO][DMMotor#7] zlog_cpp version: 0.1.4.dev11+g996d249
2025-12-25 12:38:38.454995[INFO][DMMotor#7] AIRBOT Drivers: v0.1.4.dev11+g996d249
2025-12-25 12:38:41.484115[ERROR][DMMotor#7] Motor 7 init failed, expected 43 params, got 0
2025-12-25 12:39:03.120483[INFO][DMMotor#7] zlog version: 0.1.4.dev11+g996d249
2025-12-25 12:39:03.120506[INFO][DMMotor#7] zlog_cpp version: 0.1.4.dev11+g996d249
2025-12-25 12:39:03.120519[INFO][DMMotor#7] AIRBOT Drivers: v0.1.4.dev11+g996d249
2025-12-25 12:39:06.154068[ERROR][DMMotor#7] Motor 7 init failed, expected 43 params, got 0
2025-12-25 12:39:21.038674[INFO][DMMotor#7] zlog version: 0.1.4.dev11+g996d249
2025-12-25 12:39:21.038694[INFO][DMMotor#7] zlog_cpp version: 0.1.4.dev11+g996d249
2025-12-25 12:39:21.038707[INFO][DMMotor#7] AIRBOT Drivers: v0.1.4.dev11+g996d249
2025-12-25 12:39:24.068565[ERROR][DMMotor#7] Motor 7 init failed, expected 43 params, got 0
2025-12-25 12:41:30.282332[INFO][DMMotor#7] zlog version: 0.1.4.dev11+g996d249
2025-12-25 12:41:30.282351[INFO][DMMotor#7] zlog_cpp version: 0.1.4.dev11+g996d249
2025-12-25 12:41:30.282374[INFO][DMMotor#7] AIRBOT Drivers: v0.1.4.dev11+g996d249
2025-12-25 12:41:33.321462[ERROR][DMMotor#7] Motor 7 init failed, expected 43 params, got 0
2025-12-25 12:47:58.187167[INFO][DMMotor#7] zlog version: 0.1.4.dev11+g996d249
2025-12-25 12:47:58.187286[INFO][DMMotor#7] zlog_cpp version: 0.1.4.dev11+g996d249
2025-12-25 12:47:58.187325[INFO][DMMotor#7] AIRBOT Drivers: v0.1.4.dev11+g996d249
2025-12-25 12:48:01.212473[ERROR][DMMotor#7] Motor 7 init failed, expected 43 params, got 0
2025-12-25 12:48:24.780849[INFO][DMMotor#7] zlog version: 0.1.4.dev11+g996d249
2025-12-25 12:48:24.780899[INFO][DMMotor#7] zlog_cpp version: 0.1.4.dev11+g996d249
2025-12-25 12:48:24.780927[INFO][DMMotor#7] AIRBOT Drivers: v0.1.4.dev11+g996d249
2025-12-25 12:48:27.803459[ERROR][DMMotor#7] Motor 7 init failed, expected 43 params, got 0
2025-12-25 12:49:28.230252[INFO][DMMotor#7] zlog version: 0.1.4.dev11+g996d249
2025-12-25 12:49:28.230348[INFO][DMMotor#7] zlog_cpp version: 0.1.4.dev11+g996d249
2025-12-25 12:49:28.230393[INFO][DMMotor#7] AIRBOT Drivers: v0.1.4.dev11+g996d249
2025-12-25 12:49:31.260983[ERROR][DMMotor#7] Motor 7 init failed, expected 43 params, got 0
2025-12-25 12:50:19.591965[INFO][DMMotor#7] zlog version: 0.1.4.dev11+g996d249
2025-12-25 12:50:19.591978[INFO][DMMotor#7] zlog_cpp version: 0.1.4.dev11+g996d249
2025-12-25 12:50:19.591986[INFO][DMMotor#7] AIRBOT Drivers: v0.1.4.dev11+g996d249
2025-12-25 12:50:22.621452[ERROR][DMMotor#7] Motor 7 init failed, expected 43 params, got 0
2025-12-25 12:50:51.393166[INFO][DMMotor#7] zlog version: 0.1.4.dev11+g996d249
2025-12-25 12:50:51.393192[INFO][DMMotor#7] zlog_cpp version: 0.1.4.dev11+g996d249
2025-12-25 12:50:51.393208[INFO][DMMotor#7] AIRBOT Drivers: v0.1.4.dev11+g996d249
2025-12-25 12:50:54.423635[ERROR][DMMotor#7] Motor 7 init failed, expected 43 params, got 0
2025-12-25 12:51:31.227783[INFO][DMMotor#7] zlog version: 0.1.4.dev11+g996d249
2025-12-25 12:51:31.227818[INFO][DMMotor#7] zlog_cpp version: 0.1.4.dev11+g996d249
2025-12-25 12:51:31.227839[INFO][DMMotor#7] AIRBOT Drivers: v0.1.4.dev11+g996d249
2025-12-25 12:51:34.258044[ERROR][DMMotor#7] Motor 7 init failed, expected 43 params, got 0
2025-12-25 12:53:04.638215[INFO][DMMotor#7] zlog version: 0.1.4.dev11+g996d249
2025-12-25 12:53:04.638247[INFO][DMMotor#7] zlog_cpp version: 0.1.4.dev11+g996d249
2025-12-25 12:53:04.638268[INFO][DMMotor#7] AIRBOT Drivers: v0.1.4.dev11+g996d249
2025-12-25 12:53:07.680939[ERROR][DMMotor#7] Motor 7 init failed, expected 43 params, got 0
2025-12-25 12:54:47.221573[INFO][DMMotor#7] zlog version: 0.1.4.dev11+g996d249
2025-12-25 12:54:47.221610[INFO][DMMotor#7] zlog_cpp version: 0.1.4.dev11+g996d249
2025-12-25 12:54:47.221631[INFO][DMMotor#7] AIRBOT Drivers: v0.1.4.dev11+g996d249
2025-12-25 12:54:50.257678[ERROR][DMMotor#7] Motor 7 init failed, expected 43 params, got 0
2025-12-25 12:56:00.703933[INFO][DMMotor#7] zlog version: 0.1.4.dev11+g996d249
2025-12-25 12:56:00.703955[INFO][DMMotor#7] zlog_cpp version: 0.1.4.dev11+g996d249
2025-12-25 12:56:00.703966[INFO][DMMotor#7] AIRBOT Drivers: v0.1.4.dev11+g996d249
2025-12-25 12:56:03.743564[ERROR][DMMotor#7] Motor 7 init failed, expected 43 params, got 0
2025-12-25 13:58:41.061809[INFO][DMMotor#7] zlog version: 0.1.4.dev11+g996d249
2025-12-25 13:58:41.061934[INFO][DMMotor#7] zlog_cpp version: 0.1.4.dev11+g996d249
2025-12-25 13:58:41.061941[INFO][DMMotor#7] AIRBOT Drivers: v0.1.4.dev11+g996d249
2025-12-25 13:58:41.062041[ERROR][DMMotor#7] Connecting to motor 7 via can0 failed.
2025-12-25 13:59:13.219061[INFO][DMMotor#7] zlog version: 0.1.4.dev11+g996d249
2025-12-25 13:59:13.219164[INFO][DMMotor#7] zlog_cpp version: 0.1.4.dev11+g996d249
2025-12-25 13:59:13.219196[INFO][DMMotor#7] AIRBOT Drivers: v0.1.4.dev11+g996d249
2025-12-25 13:59:16.239863[ERROR][DMMotor#7] Motor 7 init failed, expected 43 params, got 0
2025-12-25 13:59:46.202649[INFO][DMMotor#7] zlog version: 0.1.4.dev11+g996d249
2025-12-25 13:59:46.202739[INFO][DMMotor#7] zlog_cpp version: 0.1.4.dev11+g996d249
2025-12-25 13:59:46.202764[INFO][DMMotor#7] AIRBOT Drivers: v0.1.4.dev11+g996d249
2025-12-25 13:59:49.239641[ERROR][DMMotor#7] Motor 7 init failed, expected 43 params, got 0
2025-12-25 14:01:41.692648[INFO][DMMotor#7] zlog version: 0.1.4.dev11+g996d249
2025-12-25 14:01:41.692738[INFO][DMMotor#7] zlog_cpp version: 0.1.4.dev11+g996d249
2025-12-25 14:01:41.692759[INFO][DMMotor#7] AIRBOT Drivers: v0.1.4.dev11+g996d249
2025-12-25 14:01:44.731880[ERROR][DMMotor#7] Motor 7 init failed, expected 43 params, got 0
2025-12-25 14:04:23.547650[INFO][DMMotor#7] zlog version: 0.1.4.dev11+g996d249
2025-12-25 14:04:23.547675[INFO][DMMotor#7] zlog_cpp version: 0.1.4.dev11+g996d249
2025-12-25 14:04:23.547690[INFO][DMMotor#7] AIRBOT Drivers: v0.1.4.dev11+g996d249
2025-12-25 14:04:26.578210[ERROR][DMMotor#7] Motor 7 init failed, expected 43 params, got 0
2025-12-25 14:05:15.934427[INFO][DMMotor#7] zlog version: 0.1.4.dev11+g996d249
2025-12-25 14:05:15.934451[INFO][DMMotor#7] zlog_cpp version: 0.1.4.dev11+g996d249
2025-12-25 14:05:15.934467[INFO][DMMotor#7] AIRBOT Drivers: v0.1.4.dev11+g996d249
2025-12-25 14:05:18.970978[ERROR][DMMotor#7] Motor 7 init failed, expected 43 params, got 0
2025-12-25 14:05:33.452161[INFO][DMMotor#7] zlog version: 0.1.4.dev11+g996d249
2025-12-25 14:05:33.452196[INFO][DMMotor#7] zlog_cpp version: 0.1.4.dev11+g996d249
2025-12-25 14:05:33.452220[INFO][DMMotor#7] AIRBOT Drivers: v0.1.4.dev11+g996d249
2025-12-25 14:05:36.487357[ERROR][DMMotor#7] Motor 7 init failed, expected 43 params, got 0
2025-12-25 14:09:11.444467[INFO][DMMotor#7] zlog version: 0.1.4.dev11+g996d249
2025-12-25 14:09:11.444563[INFO][DMMotor#7] zlog_cpp version: 0.1.4.dev11+g996d249
2025-12-25 14:09:11.444586[INFO][DMMotor#7] AIRBOT Drivers: v0.1.4.dev11+g996d249
2025-12-25 14:09:14.472963[ERROR][DMMotor#7] Motor 7 init failed, expected 43 params, got 0
2025-12-25 14:09:47.535332[INFO][DMMotor#7] zlog version: 0.1.4.dev11+g996d249
2025-12-25 14:09:47.535376[INFO][DMMotor#7] zlog_cpp version: 0.1.4.dev11+g996d249
2025-12-25 14:09:47.535400[INFO][DMMotor#7] AIRBOT Drivers: v0.1.4.dev11+g996d249
2025-12-25 14:09:50.574951[ERROR][DMMotor#7] Motor 7 init failed, expected 43 params, got 0
2025-12-25 14:11:14.066988[INFO][DMMotor#7] zlog version: 0.1.4.dev11+g996d249
2025-12-25 14:11:14.067048[INFO][DMMotor#7] zlog_cpp version: 0.1.4.dev11+g996d249
2025-12-25 14:11:14.067064[INFO][DMMotor#7] AIRBOT Drivers: v0.1.4.dev11+g996d249
2025-12-25 14:11:17.101140[ERROR][DMMotor#7] Motor 7 init failed, expected 43 params, got 0
2025-12-25 14:12:46.160195[INFO][DMMotor#7] zlog version: 0.1.4.dev11+g996d249
2025-12-25 14:12:46.160234[INFO][DMMotor#7] zlog_cpp version: 0.1.4.dev11+g996d249
2025-12-25 14:12:46.160254[INFO][DMMotor#7] AIRBOT Drivers: v0.1.4.dev11+g996d249
2025-12-25 14:12:49.195449[ERROR][DMMotor#7] Motor 7 init failed, expected 43 params, got 0
2025-12-25 14:13:34.806515[INFO][DMMotor#7] zlog version: 0.1.4.dev11+g996d249
2025-12-25 14:13:34.806583[INFO][DMMotor#7] zlog_cpp version: 0.1.4.dev11+g996d249
2025-12-25 14:13:34.806598[INFO][DMMotor#7] AIRBOT Drivers: v0.1.4.dev11+g996d249
2025-12-25 14:13:37.851601[ERROR][DMMotor#7] Motor 7 init failed, expected 43 params, got 0
2025-12-25 14:14:14.780749[INFO][DMMotor#7] zlog version: 0.1.4.dev11+g996d249
2025-12-25 14:14:14.780812[INFO][DMMotor#7] zlog_cpp version: 0.1.4.dev11+g996d249
2025-12-25 14:14:14.780834[INFO][DMMotor#7] AIRBOT Drivers: v0.1.4.dev11+g996d249
2025-12-25 14:14:17.813156[ERROR][DMMotor#7] Motor 7 init failed, expected 43 params, got 0
2025-12-25 14:15:37.218456[INFO][DMMotor#7] zlog version: 0.1.4.dev11+g996d249
2025-12-25 14:15:37.218490[INFO][DMMotor#7] zlog_cpp version: 0.1.4.dev11+g996d249
2025-12-25 14:15:37.218515[INFO][DMMotor#7] AIRBOT Drivers: v0.1.4.dev11+g996d249
2025-12-25 14:15:40.241128[ERROR][DMMotor#7] Motor 7 init failed, expected 43 params, got 0
2025-12-25 14:15:51.420761[INFO][DMMotor#7] zlog version: 0.1.4.dev11+g996d249
2025-12-25 14:15:51.420859[INFO][DMMotor#7] zlog_cpp version: 0.1.4.dev11+g996d249
2025-12-25 14:15:51.420887[INFO][DMMotor#7] AIRBOT Drivers: v0.1.4.dev11+g996d249
2025-12-25 14:15:54.464759[ERROR][DMMotor#7] Motor 7 init failed, expected 43 params, got 0
2025-12-25 14:16:27.283436[INFO][DMMotor#7] zlog version: 0.1.4.dev11+g996d249
2025-12-25 14:16:27.283477[INFO][DMMotor#7] zlog_cpp version: 0.1.4.dev11+g996d249
2025-12-25 14:16:27.283501[INFO][DMMotor#7] AIRBOT Drivers: v0.1.4.dev11+g996d249
2025-12-25 14:16:30.326060[ERROR][DMMotor#7] Motor 7 init failed, expected 43 params, got 0
2025-12-25 14:17:47.560001[INFO][DMMotor#7] zlog version: 0.1.4.dev11+g996d249
2025-12-25 14:17:47.560070[INFO][DMMotor#7] zlog_cpp version: 0.1.4.dev11+g996d249
2025-12-25 14:17:47.560078[INFO][DMMotor#7] AIRBOT Drivers: v0.1.4.dev11+g996d249
2025-12-25 14:17:47.560227[ERROR][DMMotor#7] Connecting to motor 7 via slcan1 failed.
2025-12-25 14:18:02.450533[INFO][DMMotor#7] zlog version: 0.1.4.dev11+g996d249
2025-12-25 14:18:02.450566[INFO][DMMotor#7] zlog_cpp version: 0.1.4.dev11+g996d249
2025-12-25 14:18:02.450589[INFO][DMMotor#7] AIRBOT Drivers: v0.1.4.dev11+g996d249
2025-12-25 14:18:05.483732[ERROR][DMMotor#7] Motor 7 init failed, expected 43 params, got 0
2025-12-25 14:21:15.682811[INFO][DMMotor#7] zlog version: 0.1.4.dev11+g996d249
2025-12-25 14:21:15.682934[INFO][DMMotor#7] zlog_cpp version: 0.1.4.dev11+g996d249
2025-12-25 14:21:15.682987[INFO][DMMotor#7] AIRBOT Drivers: v0.1.4.dev11+g996d249
2025-12-25 14:21:18.727277[ERROR][DMMotor#7] Motor 7 init failed, expected 43 params, got 0
2025-12-25 14:24:19.032992[INFO][DMMotor#7] zlog version: 0.1.4.dev11+g996d249
2025-12-25 14:24:19.033040[INFO][DMMotor#7] zlog_cpp version: 0.1.4.dev11+g996d249
2025-12-25 14:24:19.033061[INFO][DMMotor#7] AIRBOT Drivers: v0.1.4.dev11+g996d249
2025-12-25 14:24:22.065416[ERROR][DMMotor#7] Motor 7 init failed, expected 43 params, got 0
2025-12-25 14:24:52.763721[INFO][DMMotor#7] zlog version: 0.1.4.dev11+g996d249
2025-12-25 14:24:52.763814[INFO][DMMotor#7] zlog_cpp version: 0.1.4.dev11+g996d249
2025-12-25 14:24:52.763841[INFO][DMMotor#7] AIRBOT Drivers: v0.1.4.dev11+g996d249
2025-12-25 14:24:55.803138[ERROR][DMMotor#7] Motor 7 init failed, expected 43 params, got 0
2025-12-25 14:28:48.543067[INFO][DMMotor#7] zlog version: 0.1.4.dev11+g996d249
2025-12-25 14:28:48.543158[INFO][DMMotor#7] zlog_cpp version: 0.1.4.dev11+g996d249
2025-12-25 14:28:48.543180[INFO][DMMotor#7] AIRBOT Drivers: v0.1.4.dev11+g996d249
2025-12-25 14:28:51.578615[ERROR][DMMotor#7] Motor 7 init failed, expected 43 params, got 0
2025-12-25 14:31:05.326828[INFO][DMMotor#7] zlog version: 0.1.4.dev11+g996d249
2025-12-25 14:31:05.326899[INFO][DMMotor#7] zlog_cpp version: 0.1.4.dev11+g996d249
2025-12-25 14:31:05.326924[INFO][DMMotor#7] AIRBOT Drivers: v0.1.4.dev11+g996d249
2025-12-25 14:31:08.361934[ERROR][DMMotor#7] Motor 7 init failed, expected 43 params, got 0
2025-12-25 14:32:49.421115[INFO][DMMotor#7] zlog version: 0.1.4.dev11+g996d249
2025-12-25 14:32:49.421208[INFO][DMMotor#7] zlog_cpp version: 0.1.4.dev11+g996d249
2025-12-25 14:32:49.421232[INFO][DMMotor#7] AIRBOT Drivers: v0.1.4.dev11+g996d249
2025-12-25 14:32:52.467962[ERROR][DMMotor#7] Motor 7 init failed, expected 43 params, got 0
2025-12-25 14:33:28.342389[INFO][DMMotor#7] zlog version: 0.1.4.dev11+g996d249
2025-12-25 14:33:28.342426[INFO][DMMotor#7] zlog_cpp version: 0.1.4.dev11+g996d249
2025-12-25 14:33:28.342449[INFO][DMMotor#7] AIRBOT Drivers: v0.1.4.dev11+g996d249
2025-12-25 14:33:31.358051[ERROR][DMMotor#7] Motor 7 init failed, expected 43 params, got 0
2025-12-25 14:38:49.485912[INFO][DMMotor#7] zlog version: 0.1.4.dev11+g996d249
2025-12-25 14:38:49.517601[INFO][DMMotor#7] zlog_cpp version: 0.1.4.dev11+g996d249
2025-12-25 14:38:49.517635[INFO][DMMotor#7] AIRBOT Drivers: v0.1.4.dev11+g996d249
2025-12-25 14:38:52.547986[ERROR][DMMotor#7] Motor 7 init failed, expected 43 params, got 0
2025-12-25 14:40:02.244810[INFO][DMMotor#7] zlog version: 0.1.4.dev11+g996d249
2025-12-25 14:40:02.244829[INFO][DMMotor#7] zlog_cpp version: 0.1.4.dev11+g996d249
2025-12-25 14:40:02.244840[INFO][DMMotor#7] AIRBOT Drivers: v0.1.4.dev11+g996d249
2025-12-25 14:40:05.276995[ERROR][DMMotor#7] Motor 7 init failed, expected 43 params, got 0
2025-12-25 14:40:40.074574[INFO][DMMotor#7] zlog version: 0.1.4.dev11+g996d249
2025-12-25 14:40:40.074754[INFO][DMMotor#7] zlog_cpp version: 0.1.4.dev11+g996d249
2025-12-25 14:40:40.074795[INFO][DMMotor#7] AIRBOT Drivers: v0.1.4.dev11+g996d249
2025-12-25 14:40:43.110618[ERROR][DMMotor#7] Motor 7 init failed, expected 43 params, got 0
2025-12-25 14:41:24.320973[INFO][DMMotor#7] zlog version: 0.1.4.dev11+g996d249
2025-12-25 14:41:24.321011[INFO][DMMotor#7] zlog_cpp version: 0.1.4.dev11+g996d249
2025-12-25 14:41:24.321053[INFO][DMMotor#7] AIRBOT Drivers: v0.1.4.dev11+g996d249
2025-12-25 14:41:27.352063[ERROR][DMMotor#7] Motor 7 init failed, expected 43 params, got 0
2025-12-25 14:42:39.400390[INFO][DMMotor#7] zlog version: 0.1.4.dev11+g996d249
2025-12-25 14:42:39.400420[INFO][DMMotor#7] zlog_cpp version: 0.1.4.dev11+g996d249
2025-12-25 14:42:39.400440[INFO][DMMotor#7] AIRBOT Drivers: v0.1.4.dev11+g996d249
2025-12-25 14:42:42.436546[ERROR][DMMotor#7] Motor 7 init failed, expected 43 params, got 0
2025-12-25 14:43:12.612363[INFO][DMMotor#7] zlog version: 0.1.4.dev11+g996d249
2025-12-25 14:43:12.612449[INFO][DMMotor#7] zlog_cpp version: 0.1.4.dev11+g996d249
2025-12-25 14:43:12.612496[INFO][DMMotor#7] AIRBOT Drivers: v0.1.4.dev11+g996d249
2025-12-25 14:43:15.641806[ERROR][DMMotor#7] Motor 7 init failed, expected 43 params, got 0
2025-12-25 14:44:44.207058[INFO][DMMotor#7] zlog version: 0.1.4.dev11+g996d249
2025-12-25 14:44:44.207103[INFO][DMMotor#7] zlog_cpp version: 0.1.4.dev11+g996d249
2025-12-25 14:44:44.207124[INFO][DMMotor#7] AIRBOT Drivers: v0.1.4.dev11+g996d249
2025-12-25 14:44:47.239632[ERROR][DMMotor#7] Motor 7 init failed, expected 43 params, got 0
2025-12-25 14:47:30.635962[INFO][DMMotor#7] zlog version: 0.1.4.dev11+g996d249
2025-12-25 14:47:30.635981[INFO][DMMotor#7] zlog_cpp version: 0.1.4.dev11+g996d249
2025-12-25 14:47:30.635992[INFO][DMMotor#7] AIRBOT Drivers: v0.1.4.dev11+g996d249
2025-12-25 14:47:33.677744[ERROR][DMMotor#7] Motor 7 init failed, expected 43 params, got 0
2025-12-25 14:49:35.631222[INFO][DMMotor#7] zlog version: 0.1.4.dev11+g996d249
2025-12-25 14:49:35.631234[INFO][DMMotor#7] zlog_cpp version: 0.1.4.dev11+g996d249
2025-12-25 14:49:35.631240[INFO][DMMotor#7] AIRBOT Drivers: v0.1.4.dev11+g996d249
2025-12-25 14:49:38.662795[ERROR][DMMotor#7] Motor 7 init failed, expected 43 params, got 0
2025-12-25 14:50:08.693871[INFO][DMMotor#7] zlog version: 0.1.4.dev11+g996d249
2025-12-25 14:50:08.693956[INFO][DMMotor#7] zlog_cpp version: 0.1.4.dev11+g996d249
2025-12-25 14:50:08.693980[INFO][DMMotor#7] AIRBOT Drivers: v0.1.4.dev11+g996d249
2025-12-25 14:50:11.726224[ERROR][DMMotor#7] Motor 7 init failed, expected 43 params, got 0
2025-12-25 14:51:29.597627[INFO][DMMotor#7] zlog version: 0.1.4.dev11+g996d249
2025-12-25 14:51:29.597637[INFO][DMMotor#7] zlog_cpp version: 0.1.4.dev11+g996d249
2025-12-25 14:51:29.597645[INFO][DMMotor#7] AIRBOT Drivers: v0.1.4.dev11+g996d249
2025-12-25 14:51:29.597873[ERROR][DMMotor#7] Connecting to motor 7 via slcan0 failed.
2025-12-25 14:51:45.162211[INFO][DMMotor#7] zlog version: 0.1.4.dev11+g996d249
2025-12-25 14:51:45.162244[INFO][DMMotor#7] zlog_cpp version: 0.1.4.dev11+g996d249
2025-12-25 14:51:45.162249[INFO][DMMotor#7] AIRBOT Drivers: v0.1.4.dev11+g996d249
2025-12-25 14:51:45.162340[ERROR][DMMotor#7] Connecting to motor 7 via slcan0 failed.
2025-12-25 14:52:05.600871[INFO][DMMotor#7] zlog version: 0.1.4.dev11+g996d249
2025-12-25 14:52:05.600898[INFO][DMMotor#7] zlog_cpp version: 0.1.4.dev11+g996d249
2025-12-25 14:52:05.600923[INFO][DMMotor#7] AIRBOT Drivers: v0.1.4.dev11+g996d249
2025-12-25 14:52:05.601064[ERROR][DMMotor#7] Connecting to motor 7 via slcan0 failed.
2025-12-25 14:53:14.641236[INFO][DMMotor#7] zlog version: 0.1.4.dev11+g996d249
2025-12-25 14:53:14.641291[INFO][DMMotor#7] zlog_cpp version: 0.1.4.dev11+g996d249
2025-12-25 14:53:14.641298[INFO][DMMotor#7] AIRBOT Drivers: v0.1.4.dev11+g996d249
2025-12-25 14:53:14.641554[ERROR][DMMotor#7] Connecting to motor 7 via can0 failed.
2025-12-25 15:10:53.079747[INFO][DMMotor#7] zlog version: 0.1.4.dev11+g996d249
2025-12-25 15:10:53.083861[INFO][DMMotor#7] zlog_cpp version: 0.1.4.dev11+g996d249
2025-12-25 15:10:53.083883[INFO][DMMotor#7] AIRBOT Drivers: v0.1.4.dev11+g996d249
2025-12-25 15:10:56.116274[ERROR][DMMotor#7] Motor 7 init failed, expected 43 params, got 0
2025-12-25 15:15:18.582483[INFO][DMMotor#7] zlog version: 0.1.4.dev11+g996d249
2025-12-25 15:15:18.582489[INFO][DMMotor#7] zlog_cpp version: 0.1.4.dev11+g996d249
2025-12-25 15:15:18.582495[INFO][DMMotor#7] AIRBOT Drivers: v0.1.4.dev11+g996d249
2025-12-25 15:15:18.582685[ERROR][DMMotor#7] Connecting to motor 7 via slcan0 failed.
2025-12-25 15:15:50.295521[INFO][DMMotor#7] zlog version: 0.1.4.dev11+g996d249
2025-12-25 15:15:50.295544[INFO][DMMotor#7] zlog_cpp version: 0.1.4.dev11+g996d249
2025-12-25 15:15:50.295577[INFO][DMMotor#7] AIRBOT Drivers: v0.1.4.dev11+g996d249
2025-12-25 15:15:53.344069[ERROR][DMMotor#7] Motor 7 init failed, expected 43 params, got 0
2025-12-25 15:17:50.947870[INFO][DMMotor#7] zlog version: 0.1.4.dev11+g996d249
2025-12-25 15:17:50.947957[INFO][DMMotor#7] zlog_cpp version: 0.1.4.dev11+g996d249
2025-12-25 15:17:50.947973[INFO][DMMotor#7] AIRBOT Drivers: v0.1.4.dev11+g996d249
2025-12-25 15:17:53.975382[ERROR][DMMotor#7] Motor 7 init failed, expected 43 params, got 0
2025-12-25 15:19:09.946329[INFO][DMMotor#7] zlog version: 0.1.4.dev11+g996d249
2025-12-25 15:19:09.946429[INFO][DMMotor#7] zlog_cpp version: 0.1.4.dev11+g996d249
2025-12-25 15:19:09.946457[INFO][DMMotor#7] AIRBOT Drivers: v0.1.4.dev11+g996d249
2025-12-25 15:19:12.963580[ERROR][DMMotor#7] Motor 7 init failed, expected 43 params, got 0
2025-12-25 15:22:03.870884[INFO][DMMotor#7] zlog version: 0.1.4.dev11+g996d249
2025-12-25 15:22:03.870910[INFO][DMMotor#7] zlog_cpp version: 0.1.4.dev11+g996d249
2025-12-25 15:22:03.870916[INFO][DMMotor#7] AIRBOT Drivers: v0.1.4.dev11+g996d249
2025-12-25 15:22:03.871029[ERROR][DMMotor#7] Connecting to motor 7 via slcan0 failed.
2025-12-25 15:23:07.178172[INFO][DMMotor#7] zlog version: 0.1.4.dev11+g996d249
2025-12-25 15:23:07.182143[INFO][DMMotor#7] zlog_cpp version: 0.1.4.dev11+g996d249
2025-12-25 15:23:07.182165[INFO][DMMotor#7] AIRBOT Drivers: v0.1.4.dev11+g996d249
2025-12-25 15:23:10.219852[ERROR][DMMotor#7] Motor 7 init failed, expected 43 params, got 0
2025-12-25 15:36:40.828196[INFO][DMMotor#7] zlog version: 0.1.4.dev11+g996d249
2025-12-25 15:36:40.828226[INFO][DMMotor#7] zlog_cpp version: 0.1.4.dev11+g996d249
2025-12-25 15:36:40.828241[INFO][DMMotor#7] AIRBOT Drivers: v0.1.4.dev11+g996d249
2025-12-25 15:36:43.874969[ERROR][DMMotor#7] Motor 7 init failed, expected 43 params, got 0
2025-12-25 15:37:03.147904[INFO][DMMotor#7] zlog version: 0.1.4.dev11+g996d249
2025-12-25 15:37:03.147990[INFO][DMMotor#7] zlog_cpp version: 0.1.4.dev11+g996d249
2025-12-25 15:37:03.148038[INFO][DMMotor#7] AIRBOT Drivers: v0.1.4.dev11+g996d249
2025-12-25 15:37:06.160803[ERROR][DMMotor#7] Motor 7 init failed, expected 43 params, got 0
2025-12-25 15:41:27.130708[INFO][DMMotor#7] zlog version: 0.1.4.dev11+g996d249
2025-12-25 15:41:27.130738[INFO][DMMotor#7] zlog_cpp version: 0.1.4.dev11+g996d249
2025-12-25 15:41:27.130775[INFO][DMMotor#7] AIRBOT Drivers: v0.1.4.dev11+g996d249
2025-12-25 15:41:30.135897[ERROR][DMMotor#7] Motor 7 init failed, expected 43 params, got 0
2025-12-25 15:45:07.147158[INFO][DMMotor#7] zlog version: 0.1.4.dev11+g996d249
2025-12-25 15:45:07.147189[INFO][DMMotor#7] zlog_cpp version: 0.1.4.dev11+g996d249
2025-12-25 15:45:07.147206[INFO][DMMotor#7] AIRBOT Drivers: v0.1.4.dev11+g996d249
2025-12-25 15:45:10.163052[ERROR][DMMotor#7] Motor 7 init failed, expected 43 params, got 0
2025-12-25 16:23:23.054846[INFO][DMMotor#7] zlog version: 0.1.4.dev11+g996d249
2025-12-25 16:23:23.054879[INFO][DMMotor#7] zlog_cpp version: 0.1.4.dev11+g996d249
2025-12-25 16:23:23.054900[INFO][DMMotor#7] AIRBOT Drivers: v0.1.4.dev11+g996d249
2025-12-25 16:23:26.094350[ERROR][DMMotor#7] Motor 7 init failed, expected 43 params, got 0
2025-12-25 16:29:56.061361[INFO][DMMotor#7] zlog version: 0.1.4.dev11+g996d249
2025-12-25 16:29:56.061434[INFO][DMMotor#7] zlog_cpp version: 0.1.4.dev11+g996d249
2025-12-25 16:29:56.061449[INFO][DMMotor#7] AIRBOT Drivers: v0.1.4.dev11+g996d249
2025-12-25 16:29:59.074653[ERROR][DMMotor#7] Motor 7 init failed, expected 43 params, got 0
2025-12-26 10:06:02.710030[INFO][DMMotor#7] zlog version: 0.1.4.dev11+g996d249
2025-12-26 10:06:02.710077[INFO][DMMotor#7] zlog_cpp version: 0.1.4.dev11+g996d249
2025-12-26 10:06:02.710088[INFO][DMMotor#7] AIRBOT Drivers: v0.1.4.dev11+g996d249
2025-12-26 10:06:05.735068[ERROR][DMMotor#7] Motor 7 init failed, expected 43 params, got 0
2025-12-26 10:07:13.885401[INFO][DMMotor#7] zlog version: 0.1.4.dev11+g996d249
2025-12-26 10:07:13.885422[INFO][DMMotor#7] zlog_cpp version: 0.1.4.dev11+g996d249
2025-12-26 10:07:13.885434[INFO][DMMotor#7] AIRBOT Drivers: v0.1.4.dev11+g996d249
2025-12-26 10:07:16.902100[ERROR][DMMotor#7] Motor 7 init failed, expected 43 params, got 0
2025-12-26 10:07:42.134449[INFO][DMMotor#7] zlog version: 0.1.4.dev11+g996d249
2025-12-26 10:07:42.134529[INFO][DMMotor#7] zlog_cpp version: 0.1.4.dev11+g996d249
2025-12-26 10:07:42.134565[INFO][DMMotor#7] AIRBOT Drivers: v0.1.4.dev11+g996d249
2025-12-26 10:07:45.170211[ERROR][DMMotor#7] Motor 7 init failed, expected 43 params, got 0
2025-12-26 10:55:36.238944[INFO][DMMotor#7] zlog version: 0.1.4.dev11+g996d249
2025-12-26 10:55:36.238954[INFO][DMMotor#7] zlog_cpp version: 0.1.4.dev11+g996d249
2025-12-26 10:55:36.238960[INFO][DMMotor#7] AIRBOT Drivers: v0.1.4.dev11+g996d249
2025-12-26 10:55:36.288767[INFO][DMMotor#7]                      p_m: 0.009996
2025-12-26 10:55:36.288828[INFO][DMMotor#7]                 m_offset: 2.863942
2025-12-26 10:55:36.288845[INFO][DMMotor#7]                       k2: 1.567448
2025-12-26 10:55:36.288862[INFO][DMMotor#7]           u_phase_offset: 2090.000000
2025-12-26 10:55:36.288878[INFO][DMMotor#7]           v_phase_offset: 2066.000000
2025-12-26 10:55:36.288893[INFO][DMMotor#7]                    IQ_c1: 2500.000000
2025-12-26 10:55:36.288907[INFO][DMMotor#7]                    VL_c1: 1000.000000
2025-12-26 10:55:36.288922[INFO][DMMotor#7]                  timeout: 0
2025-12-26 10:55:36.288936[INFO][DMMotor#7]            listen_can_id: 7
2025-12-26 10:55:36.288950[INFO][DMMotor#7]          feedback_can_id: 1799
2025-12-26 10:55:36.288964[INFO][DMMotor#7]             deceleration: -2.000000
2025-12-26 10:55:36.288979[INFO][DMMotor#7]                  vel_max: 30.000000
2025-12-26 10:55:36.288993[INFO][DMMotor#7]          speed_bandwidth: 50.000000
2025-12-26 10:55:36.289008[INFO][DMMotor#7]                  inertia: 0.000022
2025-12-26 10:55:36.289029[INFO][DMMotor#7]                       k1: 1.009953
2025-12-26 10:55:36.289100[INFO][DMMotor#7]                max_speed: 600.000000
2025-12-26 10:55:36.289119[INFO][DMMotor#7]       over_current_thres: 0.800000
2025-12-26 10:55:36.289129[INFO][DMMotor#7]             k_torque_out: 0.000000
2025-12-26 10:55:36.289138[INFO][DMMotor#7]                     xout: 0.007670
2025-12-26 10:55:36.289146[INFO][DMMotor#7]       over_voltage_thres: 32.000000
2025-12-26 10:55:36.289154[INFO][DMMotor#7]             acceleration: 2.000000
2025-12-26 10:55:36.289169[INFO][DMMotor#7]                     deta: 4.000000
2025-12-26 10:55:36.289176[INFO][DMMotor#7]      under_voltage_thres: 15.000000
2025-12-26 10:55:36.289186[INFO][DMMotor#7]         hardware_version: 300V
2025-12-26 10:55:36.289194[INFO][DMMotor#7]             control_mode: 1
2025-12-26 10:55:36.289202[INFO][DMMotor#7]              kp_position: 54.000000
2025-12-26 10:55:36.289211[INFO][DMMotor#7]               fw_version: 5015
2025-12-26 10:55:36.289219[INFO][DMMotor#7]                 damp_eff: 0.000347
2025-12-26 10:55:36.289227[INFO][DMMotor#7]                 ki_speed: 0.039270
2025-12-26 10:55:36.289236[INFO][DMMotor#7]           gear_ratio_eff: 1.000000
2025-12-26 10:55:36.289244[INFO][DMMotor#7]         phase_resistance: 0.894602
2025-12-26 10:55:36.289252[INFO][DMMotor#7]         phase_inductance: 0.000363
2025-12-26 10:55:36.289261[INFO][DMMotor#7]             flux_linkage: 0.005270
2025-12-26 10:55:36.289269[INFO][DMMotor#7]               gear_ratio: 10.000000
2025-12-26 10:55:36.289277[INFO][DMMotor#7]              i_bandwidth: 1000.000000
2025-12-26 10:55:36.289285[INFO][DMMotor#7]             can_baudrate: 4
2025-12-26 10:55:36.289294[INFO][DMMotor#7]                  pos_max: 12.500000
2025-12-26 10:55:36.289302[INFO][DMMotor#7]          over_temp_thres: 100.000000
2025-12-26 10:55:36.289312[INFO][DMMotor#7]               torque_max: 10.000000
2025-12-26 10:55:36.289320[INFO][DMMotor#7]                direction: 1.000000
2025-12-26 10:55:36.289328[INFO][DMMotor#7]              ki_position: 0.000000
2025-12-26 10:55:36.289337[INFO][DMMotor#7]     number_of_pole_pairs: 14
2025-12-26 10:55:36.289345[INFO][DMMotor#7]                 kp_speed: 0.003834
2025-12-26 10:57:08.946480[INFO][DMMotor#7] zlog version: 0.1.4.dev11+g996d249
2025-12-26 10:57:08.946566[INFO][DMMotor#7] zlog_cpp version: 0.1.4.dev11+g996d249
2025-12-26 10:57:08.946637[INFO][DMMotor#7] AIRBOT Drivers: v0.1.4.dev11+g996d249
2025-12-26 10:57:11.962524[ERROR][DMMotor#7] Motor 7 init failed, expected 43 params, got 0
2025-12-26 10:57:46.302555[INFO][DMMotor#7] zlog version: 0.1.4.dev11+g996d249
2025-12-26 10:57:46.302912[INFO][DMMotor#7] zlog_cpp version: 0.1.4.dev11+g996d249
2025-12-26 10:57:46.302952[INFO][DMMotor#7] AIRBOT Drivers: v0.1.4.dev11+g996d249
2025-12-26 10:57:49.350003[ERROR][DMMotor#7] Motor 7 init failed, expected 43 params, got 0
2025-12-26 10:58:42.530785[INFO][DMMotor#7] zlog version: 0.1.4.dev11+g996d249
2025-12-26 10:58:42.530816[INFO][DMMotor#7] zlog_cpp version: 0.1.4.dev11+g996d249
2025-12-26 10:58:42.530835[INFO][DMMotor#7] AIRBOT Drivers: v0.1.4.dev11+g996d249
2025-12-26 10:58:45.575708[ERROR][DMMotor#7] Motor 7 init failed, expected 43 params, got 0
2025-12-26 10:59:08.453493[INFO][DMMotor#7] zlog version: 0.1.4.dev11+g996d249
2025-12-26 10:59:08.453584[INFO][DMMotor#7] zlog_cpp version: 0.1.4.dev11+g996d249
2025-12-26 10:59:08.453605[INFO][DMMotor#7] AIRBOT Drivers: v0.1.4.dev11+g996d249
2025-12-26 10:59:08.503576[INFO][DMMotor#7]                      p_m: 0.009687
2025-12-26 10:59:08.503666[INFO][DMMotor#7]                 m_offset: 2.863942
2025-12-26 10:59:08.503693[INFO][DMMotor#7]                       k2: 1.567448
2025-12-26 10:59:08.503727[INFO][DMMotor#7]           u_phase_offset: 2090.000000
2025-12-26 10:59:08.503755[INFO][DMMotor#7]           v_phase_offset: 2066.000000
2025-12-26 10:59:08.503794[INFO][DMMotor#7]                    IQ_c1: 2500.000000
2025-12-26 10:59:08.503821[INFO][DMMotor#7]                    VL_c1: 1000.000000
2025-12-26 10:59:08.503845[INFO][DMMotor#7]                  timeout: 0
2025-12-26 10:59:08.503870[INFO][DMMotor#7]            listen_can_id: 7
2025-12-26 10:59:08.503899[INFO][DMMotor#7]          feedback_can_id: 1799
2025-12-26 10:59:08.503924[INFO][DMMotor#7]             deceleration: -2.000000
2025-12-26 10:59:08.503950[INFO][DMMotor#7]                  vel_max: 30.000000
2025-12-26 10:59:08.503975[INFO][DMMotor#7]          speed_bandwidth: 50.000000
2025-12-26 10:59:08.504001[INFO][DMMotor#7]                  inertia: 0.000022
2025-12-26 10:59:08.504037[INFO][DMMotor#7]                       k1: 1.009953
2025-12-26 10:59:08.504067[INFO][DMMotor#7]                max_speed: 600.000000
2025-12-26 10:59:08.504093[INFO][DMMotor#7]       over_current_thres: 0.800000
2025-12-26 10:59:08.504118[INFO][DMMotor#7]             k_torque_out: 0.000000
2025-12-26 10:59:08.504142[INFO][DMMotor#7]                     xout: 0.007670
2025-12-26 10:59:08.504166[INFO][DMMotor#7]       over_voltage_thres: 32.000000
2025-12-26 10:59:08.504190[INFO][DMMotor#7]             acceleration: 2.000000
2025-12-26 10:59:08.504219[INFO][DMMotor#7]                     deta: 4.000000
2025-12-26 10:59:08.504247[INFO][DMMotor#7]      under_voltage_thres: 15.000000
2025-12-26 10:59:08.504272[INFO][DMMotor#7]         hardware_version: 300V
2025-12-26 10:59:08.504296[INFO][DMMotor#7]             control_mode: 1
2025-12-26 10:59:08.504320[INFO][DMMotor#7]              kp_position: 54.000000
2025-12-26 10:59:08.504343[INFO][DMMotor#7]               fw_version: 5015
2025-12-26 10:59:08.504367[INFO][DMMotor#7]                 damp_eff: 0.000347
2025-12-26 10:59:08.504392[INFO][DMMotor#7]                 ki_speed: 0.039270
2025-12-26 10:59:08.504416[INFO][DMMotor#7]           gear_ratio_eff: 1.000000
2025-12-26 10:59:08.504439[INFO][DMMotor#7]         phase_resistance: 0.894602
2025-12-26 10:59:08.504464[INFO][DMMotor#7]         phase_inductance: 0.000363
2025-12-26 10:59:08.504488[INFO][DMMotor#7]             flux_linkage: 0.005270
2025-12-26 10:59:08.504511[INFO][DMMotor#7]               gear_ratio: 10.000000
2025-12-26 10:59:08.504536[INFO][DMMotor#7]              i_bandwidth: 1000.000000
2025-12-26 10:59:08.504560[INFO][DMMotor#7]             can_baudrate: 4
2025-12-26 10:59:08.504585[INFO][DMMotor#7]                  pos_max: 12.500000
2025-12-26 10:59:08.504609[INFO][DMMotor#7]          over_temp_thres: 100.000000
2025-12-26 10:59:08.504633[INFO][DMMotor#7]               torque_max: 10.000000
2025-12-26 10:59:08.504659[INFO][DMMotor#7]                direction: 1.000000
2025-12-26 10:59:08.504683[INFO][DMMotor#7]              ki_position: 0.000000
2025-12-26 10:59:08.504709[INFO][DMMotor#7]     number_of_pole_pairs: 14
2025-12-26 10:59:08.504740[INFO][DMMotor#7]                 kp_speed: 0.003834
2025-12-26 11:00:25.980234[INFO][DMMotor#7] zlog version: 0.1.4.dev11+g996d249
2025-12-26 11:00:25.980266[INFO][DMMotor#7] zlog_cpp version: 0.1.4.dev11+g996d249
2025-12-26 11:00:25.980283[INFO][DMMotor#7] AIRBOT Drivers: v0.1.4.dev11+g996d249
2025-12-26 11:00:29.007642[ERROR][DMMotor#7] Motor 7 init failed, expected 43 params, got 0
2025-12-26 11:01:07.407598[INFO][DMMotor#7] zlog version: 0.1.4.dev11+g996d249
2025-12-26 11:01:07.407637[INFO][DMMotor#7] zlog_cpp version: 0.1.4.dev11+g996d249
2025-12-26 11:01:07.407657[INFO][DMMotor#7] AIRBOT Drivers: v0.1.4.dev11+g996d249
2025-12-26 11:01:10.454314[ERROR][DMMotor#7] Motor 7 init failed, expected 43 params, got 0
2025-12-26 11:02:01.743300[INFO][DMMotor#7] zlog version: 0.1.4.dev11+g996d249
2025-12-26 11:02:01.743326[INFO][DMMotor#7] zlog_cpp version: 0.1.4.dev11+g996d249
2025-12-26 11:02:01.743342[INFO][DMMotor#7] AIRBOT Drivers: v0.1.4.dev11+g996d249
2025-12-26 11:02:04.776382[ERROR][DMMotor#7] Motor 7 init failed, expected 43 params, got 0
2025-12-26 11:27:32.404223[INFO][DMMotor#7] zlog version: 0.1.4.dev11+g996d249
2025-12-26 11:27:32.435740[INFO][DMMotor#7] zlog_cpp version: 0.1.4.dev11+g996d249
2025-12-26 11:27:32.435761[INFO][DMMotor#7] AIRBOT Drivers: v0.1.4.dev11+g996d249
2025-12-26 11:27:35.452078[ERROR][DMMotor#7] Motor 7 init failed, expected 43 params, got 0
2025-12-26 11:31:05.781228[INFO][DMMotor#7] zlog version: 0.1.4.dev11+g996d249
2025-12-26 11:31:05.781260[INFO][DMMotor#7] zlog_cpp version: 0.1.4.dev11+g996d249
2025-12-26 11:31:05.781279[INFO][DMMotor#7] AIRBOT Drivers: v0.1.4.dev11+g996d249
2025-12-26 11:31:08.820115[ERROR][DMMotor#7] Motor 7 init failed, expected 43 params, got 0
2025-12-26 11:36:23.716705[INFO][DMMotor#7] zlog version: 0.1.4.dev11+g996d249
2025-12-26 11:36:23.716746[INFO][DMMotor#7] zlog_cpp version: 0.1.4.dev11+g996d249
2025-12-26 11:36:23.716770[INFO][DMMotor#7] AIRBOT Drivers: v0.1.4.dev11+g996d249
2025-12-26 11:36:26.745541[ERROR][DMMotor#7] Motor 7 init failed, expected 43 params, got 0
2025-12-26 11:37:35.009598[INFO][DMMotor#7] zlog version: 0.1.4.dev11+g996d249
2025-12-26 11:37:35.009627[INFO][DMMotor#7] zlog_cpp version: 0.1.4.dev11+g996d249
2025-12-26 11:37:35.009645[INFO][DMMotor#7] AIRBOT Drivers: v0.1.4.dev11+g996d249
2025-12-26 11:37:38.042774[ERROR][DMMotor#7] Motor 7 init failed, expected 43 params, got 0
2025-12-26 19:52:28.359363[INFO][DMMotor#7] zlog version: 0.1.4.dev11+g996d249
2025-12-26 19:52:28.359454[INFO][DMMotor#7] zlog_cpp version: 0.1.4.dev11+g996d249
2025-12-26 19:52:28.359474[INFO][DMMotor#7] AIRBOT Drivers: v0.1.4.dev11+g996d249
2025-12-26 19:52:31.396759[ERROR][DMMotor#7] Motor 7 init failed, expected 43 params, got 0
2025-12-26 19:54:04.973909[INFO][DMMotor#7] zlog version: 0.1.4.dev11+g996d249
2025-12-26 19:54:04.974036[INFO][DMMotor#7] zlog_cpp version: 0.1.4.dev11+g996d249
2025-12-26 19:54:04.974064[INFO][DMMotor#7] AIRBOT Drivers: v0.1.4.dev11+g996d249
2025-12-26 19:54:08.022911[ERROR][DMMotor#7] Motor 7 init failed, expected 43 params, got 0
