1766562261.5433052 [INFO] [launch]: All log files can be found below /userdata/2025-12-24-07-44-21-542602-discover-Legion-Y7000-IRX10-122
1766562261.5433931 [INFO] [launch]: Default logging verbosity is set to INFO
1766562262.1586564 [INFO] [server_node-1]: process started with pid [129]
1766562262.1588459 [INFO] [ros2_control_node-2]: process started with pid [131]
1766562262.1589313 [INFO] [spawner-3]: process started with pid [133]
1766562262.1590028 [INFO] [spawner-4]: process started with pid [135]
1766562262.1590698 [INFO] [spawner-5]: process started with pid [137]
1766562262.1591322 [INFO] [spawner-6]: process started with pid [139]
1766562262.1591933 [INFO] [spawner-7]: process started with pid [141]
1766562262.1592619 [INFO] [spawner-8]: process started with pid [143]
1766562262.1593239 [INFO] [spawner-9]: process started with pid [145]
1766562262.1593843 [INFO] [robot_state_publisher-10]: process started with pid [147]
1766562262.1594439 [INFO] [move_group-11]: process started with pid [149]
1766562262.1595027 [INFO] [servo_node-12]: process started with pid [151]
1766562262.1595604 [INFO] [server-13]: process started with pid [153]
1766562262.1596186 [INFO] [aggregator_node-14]: process started with pid [155]
1766562262.1596785 [INFO] [component_container_mt-15]: process started with pid [157]
1766562262.2144778 [server-13] 1766562262.214256 [199]     server: config: //CycloneDDS/Domain/General: 'NetworkInterfaceAddress': deprecated element (file:///root/cyclonedds.xml line 8)
1766562262.2389996 [servo_node-12] 1766562262.238748 [199] servo_node: config: //CycloneDDS/Domain/General: 'NetworkInterfaceAddress': deprecated element (file:///root/cyclonedds.xml line 8)
1766562262.2478721 [servo_node-12] [33m[WARN] [1766562262.247674954] [PZ27C02404000144.servo_node]: Could not enable FIFO RT scheduling policy. Continuing with the default.[0m
1766562262.2482007 [servo_node-12] [33m[WARN] [1766562262.247743409] [PZ27C02404000144.servo_node]: Realtime kernel is recommended for better performance.[0m
1766562262.4142485 [spawner-6] 1766562262.413998 [199]    spawner: config: //CycloneDDS/Domain/General: 'NetworkInterfaceAddress': deprecated element (file:///root/cyclonedds.xml line 8)
1766562262.4145448 [spawner-3] 1766562262.413998 [199]    spawner: config: //CycloneDDS/Domain/General: 'NetworkInterfaceAddress': deprecated element (file:///root/cyclonedds.xml line 8)
1766562262.4156060 [spawner-9] 1766562262.415490 [199]    spawner: config: //CycloneDDS/Domain/General: 'NetworkInterfaceAddress': deprecated element (file:///root/cyclonedds.xml line 8)
1766562262.4169126 [spawner-8] 1766562262.416697 [199]    spawner: config: //CycloneDDS/Domain/General: 'NetworkInterfaceAddress': deprecated element (file:///root/cyclonedds.xml line 8)
1766562262.4281743 [spawner-7] 1766562262.427839 [199]    spawner: config: //CycloneDDS/Domain/General: 'NetworkInterfaceAddress': deprecated element (file:///root/cyclonedds.xml line 8)
1766562262.4823964 [spawner-4] 1766562262.482040 [199]    spawner: config: //CycloneDDS/Domain/General: 'NetworkInterfaceAddress': deprecated element (file:///root/cyclonedds.xml line 8)
1766562262.4826822 [spawner-5] 1766562262.482181 [199]    spawner: config: //CycloneDDS/Domain/General: 'NetworkInterfaceAddress': deprecated element (file:///root/cyclonedds.xml line 8)
1766562262.8797922 [INFO] [spawner-7]: process has finished cleanly [pid 141]
1766562262.8799970 [INFO] [spawner-3]: process has finished cleanly [pid 133]
1766562262.8826361 [INFO] [spawner-8]: process has finished cleanly [pid 143]
1766562262.8843160 [INFO] [spawner-9]: process has finished cleanly [pid 145]
1766562262.9294400 [INFO] [spawner-5]: process has finished cleanly [pid 137]
1766562262.9549940 [INFO] [spawner-6]: process has finished cleanly [pid 139]
1766562263.0664005 [INFO] [spawner-4]: process has finished cleanly [pid 135]
1766562266.3079345 [servo_node-12] Warning: class_loader.ClassLoader: SEVERE WARNING!!! Attempting to unload library while objects created by this loader exist in the heap! You should delete your objects before attempting to unload the library or destroying the ClassLoader. The library will NOT be unloaded.
1766562266.3081162 [servo_node-12]          at line 127 in /root/ros2_ws/src/deps/ros/class_loader/src/class_loader.cpp
